2025-11-28 19:50:39.111199 (35911) main____ INFO    ----------------------------------------
2025-11-28 19:50:39.111304 (35911) main____ INFO    Jasper version info
2025-11-28 19:50:39.111312 (35911) main____ INFO      tool      : Jasper 2023.09
2025-11-28 19:50:39.111319 (35911) main____ INFO      version   : 2023.09 FCS 64 bits
2025-11-28 19:50:39.111325 (35911) main____ INFO      build date: 2023.09.27 19:40:18 UTC
2025-11-28 19:50:39.111330 (35911) main____ INFO    ----------------------------------------
2025-11-28 19:50:39.111334 (35911) main____ INFO    Runtime info:
2025-11-28 19:50:39.111340 (35911) main____ INFO      platform  : Linux 4.19.0-20-amd64 x86_64
2025-11-28 19:50:39.111348 (35911) main____ INFO      hostname  : joc044
2025-11-28 19:50:39.111353 (35911) main____ INFO      pid       : 35911
2025-11-28 19:50:39.111359 (35911) main____ INFO      arguments : '-style' 'windows' 'jg_fpv.tcl' '---' 'microprocessor_top'
2025-11-28 19:50:39.111368 (35911) main____ INFO      locale    : ANSI_X3.4-1968
2025-11-28 19:50:39.111373 (35911) main____ INFO    ----------------------------------------
2025-11-28 19:50:39.111377 (35911) main____ INFO    System resource limits info:
2025-11-28 19:50:39.111382 (35911) main____ INFO      virtual memory: unlimited
2025-11-28 19:50:39.111388 (35911) main____ INFO      cpu time      : unlimited
2025-11-28 19:50:39.111396 (35911) main____ INFO      processes     : 4096
2025-11-28 19:50:39.111406 (35911) main____ INFO      stack size    : 8388608 B
2025-11-28 19:50:39.111412 (35911) main____ INFO      core file size: 0 B
2025-11-28 19:50:39.111417 (35911) main____ INFO      open files    : 1024
2025-11-28 19:50:39.111422 (35911) main____ INFO      file size     : unlimited
2025-11-28 19:50:39.111427 (35911) main____ INFO    ----------------------------------------
2025-11-28 19:50:39.111431 (35911) main____ INFO    Memory statistics:
2025-11-28 19:50:39.111436 (35911) main____ INFO      total physical memory  : 8388608 kB
2025-11-28 19:50:39.111441 (35911) main____ INFO      free physical memory   : 6405488 kB
2025-11-28 19:50:39.111446 (35911) main____ INFO      committed address space: 13190408 kB
2025-11-28 19:50:39.111450 (35911) main____ INFO    ----------------------------------------
2025-11-28 19:50:39.112396 (35911) main____ INFO    Important environment variables:
2025-11-28 19:50:39.112408 (35911) main____ INFO      CDS_AUTO_32BIT     : 'NONE'
2025-11-28 19:50:39.112415 (35911) main____ INFO      CDS_AUTO_64BIT     : 'ALL'
2025-11-28 19:50:39.112421 (35911) main____ INFO      CDS_CONFRML222     : '/opt/edatools/cdnc/CONFRML222'
2025-11-28 19:50:39.112428 (35911) main____ INFO      CDS_DIR            : '/opt/edatools/cdnc/IC231/share/cdssetup/cds.lib'
2025-11-28 19:50:39.112434 (35911) main____ INFO      CDS_GENUS211       : '/edatools/cdnc/GENUS211'
2025-11-28 19:50:39.112440 (35911) main____ INFO      CDS_IC             : '/opt/edatools/cdnc/IC231'
2025-11-28 19:50:39.112447 (35911) main____ INFO      CDS_INNOVUS191     : '/edatools/cdnc/INNOVUS211'
2025-11-28 19:50:39.112489 (35911) main____ INFO      CDS_INNOVUS211     : '/opt/edatools/cdnc/INNOVUS211'
2025-11-28 19:50:39.112496 (35911) main____ INFO      CDS_INST           : '/edatools/cdnc'
2025-11-28 19:50:39.112502 (35911) main____ INFO      CDS_LIC_FILE       : '5280@10.0.7.51'
2025-11-28 19:50:39.112508 (35911) main____ INFO      CDS_MMSIM          : '/opt/edatools/cdnc/SPECTRE211'
2025-11-28 19:50:39.112515 (35911) main____ INFO      CDS_MODUS221       : '/opt/edatools/cdnc/MODUS221'
2025-11-28 19:50:39.112521 (35911) main____ INFO      CDS_Netlisting_Mode: 'Analog'
2025-11-28 19:50:39.112527 (35911) main____ INFO      CDS_PVS222         : ''
2025-11-28 19:50:39.112534 (35911) main____ INFO      CDS_ROOT           : '/opt/edatools/cdnc/IC231'
2025-11-28 19:50:39.112541 (35911) main____ INFO      CDS_SSV221         : '/opt/edatools/cdnc/SSV221'
2025-11-28 19:50:39.112547 (35911) main____ INFO      DISPLAY            : 'localhost:11.0'
2025-11-28 19:50:39.112553 (35911) main____ INFO      JASPER_INSTALL_DIR : '/edatools/cdnc/JASPER2309'
2025-11-28 19:50:39.112565 (35911) main____ INFO      JASPER_KERNEL_CHECK: '1'
2025-11-28 19:50:39.112572 (35911) main____ INFO      JASPER_OS_CHECK    : '1'
2025-11-28 19:50:39.112578 (35911) main____ INFO      LANG               : 'C'
2025-11-28 19:50:39.112584 (35911) main____ INFO      LC_HOME            : '/edatools/snps/installs/lc/R-2020.09'
2025-11-28 19:50:39.112591 (35911) main____ INFO      LM_LICENSE_FILE    : '5280@10.0.7.51'
2025-11-28 19:50:39.112595 (35911) main____ INFO    ----------------------------------------
2025-11-28 19:50:39.113342 (35911) lic_core INFO    Initializing license system ...
2025-11-28 19:50:39.116543 (35911) lic_core INFO    ... license system initialized.
2025-11-28 19:50:39.118180 (35911) lic__man INFO    Claim 'main' for <ui>.
2025-11-28 19:50:39.118207 (35911) lic_core INFO    (1) checking out 'jasper_interactive' ...
2025-11-28 19:50:39.184447 (35911) lic_core INFO    ... (1) checkout succeeded
2025-11-28 19:50:39.184992 (35911) lic__man INFO    Claim 'fpv' for <ui>.
2025-11-28 19:50:39.185006 (35911) lic_core INFO    (2) checking out 'jasper_fpv' ...
2025-11-28 19:50:39.189504 (35911) lic_core INFO    ... (2) checkout failed (error: -5) ("FLEXnet ERROR(-5, 0, 0): No such feature exists.")
2025-11-28 19:50:39.189523 (35911) lic_core INFO    (3) checking out 'jasper_fao' ...
2025-11-28 19:50:39.198896 (35911) lic_core INFO    ... (3) checkout succeeded
2025-11-28 19:50:39.199235 (35911) main____ INFO    Tool inactivity delay is 480000 ms.
2025-11-28 19:50:39.753433 (35911) lic__man INFO    Claim 'fpv' for <ui>.
2025-11-28 19:50:40.002072 (35911) lic__man INFO    Unclaim 'fpv' for <ui>.
2025-11-28 19:50:40.002106 (35911) lic__man INFO    Claim 'fpv' for <ui>.
2025-11-28 19:50:40.007396 (35911) session_ INFO    Starting analysis session with session id 'session_0' (launcher: <local>) ...
2025-11-28 19:50:40.010169 (35911) session_ INFO    Analysis session with session id 'session_0' started (pid: 35934)
2025-11-28 19:50:41.261840 (35911) session_ INFO    Analysis session 'session_0' connected to the console (host: 127.0.0.1:60754)
2025-11-28 19:50:41.679612 (35911) main____ INFO    Releasing console memory by request of analysis session 'session_0'.
2025-11-28 19:50:41.680067 (35911) lic__man INFO    Unclaim everything for 'session_0'.
2025-11-28 19:50:42.541932 (35911) lic__man INFO    Unclaim everything for 'session_0'.
2025-11-28 19:50:42.700228 (35911) lic__man INFO    Claim 'fpv' for 'session_0'.
2025-11-28 19:50:42.700258 (35911) lic__man INFO    Claim 'fpv' for 'session_0/prove-0'.
2025-11-28 19:50:43.911211 (35911) lic__man INFO    Unclaim everything for 'session_0/prove-0'.
2025-11-28 19:50:56.145961 (35911) lic__man INFO    Claim 'fpv' for 'session_0'.
2025-11-28 20:00:21.144695 (35911) lic__man INFO    Entering idle state.
2025-11-28 20:05:09.570567 (35911) main____ INFO    About to exit: requested from GUI
2025-11-28 20:05:09.674495 (35911) session_ INFO    Analysis session 'session_0' disconnected.
2025-11-28 20:05:09.685064 (35911) lic_core INFO    (1) checkin jasper_interactive
2025-11-28 20:05:09.686251 (35911) lic_core INFO    (3) checkin jasper_fao
2025-11-28 20:05:09.690296 (35911) main____ INFO    Exiting with status 0.
