xrun(64): 23.09-s001: (c) Copyright 1995-2023 Cadence Design Systems, Inc.
TOOL:	xrun(64)	23.09-s001: Started on Nov 28, 2025 at 17:57:06 UTC
xrun
	-f list.f
		../rtl/defines.svh
		../rtl/microprocessor_top.sv
		../rtl/instruction_memory.sv
		../rtl/physical_register_file.sv
		../rtl/alu.sv
		../rtl/program_counter.sv
		../rtl/imm_gen.sv
		../rtl/mux.sv
		../rtl/control_unit.sv
		../verif/microprocessor_if.sv
		../verif/microprocessor_tb.sv
	-l ./logs/comp.log
	+define+alfacen_noaxi_base_test+
	-access +rwc
	-timescale 1ns/1ps
	-sv
DEFINE std       ./STD
|
xrun: *W,DLCPTH (/edatools/cdnc/XCELIUM2309/tools/inca/files/cdsvhdl.lib,1): cds.lib Invalid path '/edatools/cdnc/XCELIUM2309/tools/inca/files/STD' (cds.lib command ignored).
DEFINE synopsys  ./SYNOPSYS
|
xrun: *W,DLCPTH (/edatools/cdnc/XCELIUM2309/tools/inca/files/cdsvhdl.lib,2): cds.lib Invalid path '/edatools/cdnc/XCELIUM2309/tools/inca/files/SYNOPSYS' (cds.lib command ignored).
DEFINE ieee      ./IEEE
|
xrun: *W,DLCPTH (/edatools/cdnc/XCELIUM2309/tools/inca/files/cdsvhdl.lib,3): cds.lib Invalid path '/edatools/cdnc/XCELIUM2309/tools/inca/files/IEEE' (cds.lib command ignored).
DEFINE ambit     ./AMBIT
|
xrun: *W,DLCPTH (/edatools/cdnc/XCELIUM2309/tools/inca/files/cdsvhdl.lib,4): cds.lib Invalid path '/edatools/cdnc/XCELIUM2309/tools/inca/files/AMBIT' (cds.lib command ignored).
DEFINE vital_memory ./VITAL_MEMORY
|
xrun: *W,DLCPTH (/edatools/cdnc/XCELIUM2309/tools/inca/files/cdsvhdl.lib,5): cds.lib Invalid path '/edatools/cdnc/XCELIUM2309/tools/inca/files/VITAL_MEMORY' (cds.lib command ignored).
DEFINE ncutils ./NCUTILS
|
xrun: *W,DLCPTH (/edatools/cdnc/XCELIUM2309/tools/inca/files/cdsvhdl.lib,6): cds.lib Invalid path '/edatools/cdnc/XCELIUM2309/tools/inca/files/NCUTILS' (cds.lib command ignored).
DEFINE ncinternal ./NCINTERNAL
|
xrun: *W,DLCPTH (/edatools/cdnc/XCELIUM2309/tools/inca/files/cdsvhdl.lib,7): cds.lib Invalid path '/edatools/cdnc/XCELIUM2309/tools/inca/files/NCINTERNAL' (cds.lib command ignored).
DEFINE ncmodels ./NCMODELS
|
xrun: *W,DLCPTH (/edatools/cdnc/XCELIUM2309/tools/inca/files/cdsvhdl.lib,8): cds.lib Invalid path '/edatools/cdnc/XCELIUM2309/tools/inca/files/NCMODELS' (cds.lib command ignored).
DEFINE xmutils ./XMUTILS
|
xrun: *W,DLCPTH (/edatools/cdnc/XCELIUM2309/tools/inca/files/cdsvhdl.lib,9): cds.lib Invalid path '/edatools/cdnc/XCELIUM2309/tools/inca/files/XMUTILS' (cds.lib command ignored).
DEFINE xminternal ./XMINTERNAL
|
xrun: *W,DLCPTH (/edatools/cdnc/XCELIUM2309/tools/inca/files/cdsvhdl.lib,10): cds.lib Invalid path '/edatools/cdnc/XCELIUM2309/tools/inca/files/XMINTERNAL' (cds.lib command ignored).
DEFINE xmmodels ./XMMODELS
|
xrun: *W,DLCPTH (/edatools/cdnc/XCELIUM2309/tools/inca/files/cdsvhdl.lib,11): cds.lib Invalid path '/edatools/cdnc/XCELIUM2309/tools/inca/files/XMMODELS' (cds.lib command ignored).
DEFINE cds_assertions ./CDS_ASSERTIONS
|
xrun: *W,DLCPTH (/edatools/cdnc/XCELIUM2309/tools/inca/files/cdsvhdl.lib,12): cds.lib Invalid path '/edatools/cdnc/XCELIUM2309/tools/inca/files/CDS_ASSERTIONS' (cds.lib command ignored).
DEFINE cds_inhconn ./CDS_INHCONN
|
xrun: *W,DLCPTH (/edatools/cdnc/XCELIUM2309/tools/inca/files/cdsvhdl.lib,13): cds.lib Invalid path '/edatools/cdnc/XCELIUM2309/tools/inca/files/CDS_INHCONN' (cds.lib command ignored).
DEFINE cds_spicelib ./CDS_SPICELIB
|
xrun: *W,DLCPTH (/edatools/cdnc/XCELIUM2309/tools/inca/files/cdsvhdl.lib,14): cds.lib Invalid path '/edatools/cdnc/XCELIUM2309/tools/inca/files/CDS_SPICELIB' (cds.lib command ignored).
DEFINE cds_amsfunctions ./CDS_AMSFUNCTIONS
|
xrun: *W,DLCPTH (/edatools/cdnc/XCELIUM2309/tools/inca/files/cdsvhdl.lib,15): cds.lib Invalid path '/edatools/cdnc/XCELIUM2309/tools/inca/files/CDS_AMSFUNCTIONS' (cds.lib command ignored).
DEFINE std       ./STD
|
xrun: *W,DLCPTH (/edatools/cdnc/XCELIUM2309/tools/inca/files/cdsvhdl.lib,1): cds.lib Invalid path '/edatools/cdnc/XCELIUM2309/tools/inca/files/STD' (cds.lib command ignored).
DEFINE synopsys  ./SYNOPSYS
|
xrun: *W,DLCPTH (/edatools/cdnc/XCELIUM2309/tools/inca/files/cdsvhdl.lib,2): cds.lib Invalid path '/edatools/cdnc/XCELIUM2309/tools/inca/files/SYNOPSYS' (cds.lib command ignored).
DEFINE ieee      ./IEEE
|
xrun: *W,DLCPTH (/edatools/cdnc/XCELIUM2309/tools/inca/files/cdsvhdl.lib,3): cds.lib Invalid path '/edatools/cdnc/XCELIUM2309/tools/inca/files/IEEE' (cds.lib command ignored).
DEFINE ambit     ./AMBIT
|
xrun: *W,DLCPTH (/edatools/cdnc/XCELIUM2309/tools/inca/files/cdsvhdl.lib,4): cds.lib Invalid path '/edatools/cdnc/XCELIUM2309/tools/inca/files/AMBIT' (cds.lib command ignored).
DEFINE vital_memory ./VITAL_MEMORY
|
xrun: *W,DLCPTH (/edatools/cdnc/XCELIUM2309/tools/inca/files/cdsvhdl.lib,5): cds.lib Invalid path '/edatools/cdnc/XCELIUM2309/tools/inca/files/VITAL_MEMORY' (cds.lib command ignored).
DEFINE ncutils ./NCUTILS
|
xrun: *W,DLCPTH (/edatools/cdnc/XCELIUM2309/tools/inca/files/cdsvhdl.lib,6): cds.lib Invalid path '/edatools/cdnc/XCELIUM2309/tools/inca/files/NCUTILS' (cds.lib command ignored).
DEFINE ncinternal ./NCINTERNAL
|
xrun: *W,DLCPTH (/edatools/cdnc/XCELIUM2309/tools/inca/files/cdsvhdl.lib,7): cds.lib Invalid path '/edatools/cdnc/XCELIUM2309/tools/inca/files/NCINTERNAL' (cds.lib command ignored).
DEFINE ncmodels ./NCMODELS
|
xrun: *W,DLCPTH (/edatools/cdnc/XCELIUM2309/tools/inca/files/cdsvhdl.lib,8): cds.lib Invalid path '/edatools/cdnc/XCELIUM2309/tools/inca/files/NCMODELS' (cds.lib command ignored).
DEFINE xmutils ./XMUTILS
|
xrun: *W,DLCPTH (/edatools/cdnc/XCELIUM2309/tools/inca/files/cdsvhdl.lib,9): cds.lib Invalid path '/edatools/cdnc/XCELIUM2309/tools/inca/files/XMUTILS' (cds.lib command ignored).
DEFINE xminternal ./XMINTERNAL
|
xrun: *W,DLCPTH (/edatools/cdnc/XCELIUM2309/tools/inca/files/cdsvhdl.lib,10): cds.lib Invalid path '/edatools/cdnc/XCELIUM2309/tools/inca/files/XMINTERNAL' (cds.lib command ignored).
DEFINE xmmodels ./XMMODELS
|
xrun: *W,DLCPTH (/edatools/cdnc/XCELIUM2309/tools/inca/files/cdsvhdl.lib,11): cds.lib Invalid path '/edatools/cdnc/XCELIUM2309/tools/inca/files/XMMODELS' (cds.lib command ignored).
DEFINE cds_assertions ./CDS_ASSERTIONS
|
xrun: *W,DLCPTH (/edatools/cdnc/XCELIUM2309/tools/inca/files/cdsvhdl.lib,12): cds.lib Invalid path '/edatools/cdnc/XCELIUM2309/tools/inca/files/CDS_ASSERTIONS' (cds.lib command ignored).
DEFINE cds_inhconn ./CDS_INHCONN
|
xrun: *W,DLCPTH (/edatools/cdnc/XCELIUM2309/tools/inca/files/cdsvhdl.lib,13): cds.lib Invalid path '/edatools/cdnc/XCELIUM2309/tools/inca/files/CDS_INHCONN' (cds.lib command ignored).
DEFINE cds_spicelib ./CDS_SPICELIB
|
xrun: *W,DLCPTH (/edatools/cdnc/XCELIUM2309/tools/inca/files/cdsvhdl.lib,14): cds.lib Invalid path '/edatools/cdnc/XCELIUM2309/tools/inca/files/CDS_SPICELIB' (cds.lib command ignored).
DEFINE cds_amsfunctions ./CDS_AMSFUNCTIONS
|
xrun: *W,DLCPTH (/edatools/cdnc/XCELIUM2309/tools/inca/files/cdsvhdl.lib,15): cds.lib Invalid path '/edatools/cdnc/XCELIUM2309/tools/inca/files/CDS_AMSFUNCTIONS' (cds.lib command ignored).
DEFINE std       ./STD
|
xrun: *W,DLCPTH (/edatools/cdnc/XCELIUM2309/tools/inca/files/cdsvhdl.lib,1): cds.lib Invalid path '/edatools/cdnc/XCELIUM2309/tools/inca/files/STD' (cds.lib command ignored).
DEFINE synopsys  ./SYNOPSYS
|
xrun: *W,DLCPTH (/edatools/cdnc/XCELIUM2309/tools/inca/files/cdsvhdl.lib,2): cds.lib Invalid path '/edatools/cdnc/XCELIUM2309/tools/inca/files/SYNOPSYS' (cds.lib command ignored).
DEFINE ieee      ./IEEE
|
xrun: *W,DLCPTH (/edatools/cdnc/XCELIUM2309/tools/inca/files/cdsvhdl.lib,3): cds.lib Invalid path '/edatools/cdnc/XCELIUM2309/tools/inca/files/IEEE' (cds.lib command ignored).
DEFINE ambit     ./AMBIT
|
xrun: *W,DLCPTH (/edatools/cdnc/XCELIUM2309/tools/inca/files/cdsvhdl.lib,4): cds.lib Invalid path '/edatools/cdnc/XCELIUM2309/tools/inca/files/AMBIT' (cds.lib command ignored).
DEFINE vital_memory ./VITAL_MEMORY
|
xrun: *W,DLCPTH (/edatools/cdnc/XCELIUM2309/tools/inca/files/cdsvhdl.lib,5): cds.lib Invalid path '/edatools/cdnc/XCELIUM2309/tools/inca/files/VITAL_MEMORY' (cds.lib command ignored).
DEFINE ncutils ./NCUTILS
|
xrun: *W,DLCPTH (/edatools/cdnc/XCELIUM2309/tools/inca/files/cdsvhdl.lib,6): cds.lib Invalid path '/edatools/cdnc/XCELIUM2309/tools/inca/files/NCUTILS' (cds.lib command ignored).
DEFINE ncinternal ./NCINTERNAL
|
xrun: *W,DLCPTH (/edatools/cdnc/XCELIUM2309/tools/inca/files/cdsvhdl.lib,7): cds.lib Invalid path '/edatools/cdnc/XCELIUM2309/tools/inca/files/NCINTERNAL' (cds.lib command ignored).
DEFINE ncmodels ./NCMODELS
|
xrun: *W,DLCPTH (/edatools/cdnc/XCELIUM2309/tools/inca/files/cdsvhdl.lib,8): cds.lib Invalid path '/edatools/cdnc/XCELIUM2309/tools/inca/files/NCMODELS' (cds.lib command ignored).
DEFINE xmutils ./XMUTILS
|
xrun: *W,DLCPTH (/edatools/cdnc/XCELIUM2309/tools/inca/files/cdsvhdl.lib,9): cds.lib Invalid path '/edatools/cdnc/XCELIUM2309/tools/inca/files/XMUTILS' (cds.lib command ignored).
DEFINE xminternal ./XMINTERNAL
|
xrun: *W,DLCPTH (/edatools/cdnc/XCELIUM2309/tools/inca/files/cdsvhdl.lib,10): cds.lib Invalid path '/edatools/cdnc/XCELIUM2309/tools/inca/files/XMINTERNAL' (cds.lib command ignored).
DEFINE xmmodels ./XMMODELS
|
xrun: *W,DLCPTH (/edatools/cdnc/XCELIUM2309/tools/inca/files/cdsvhdl.lib,11): cds.lib Invalid path '/edatools/cdnc/XCELIUM2309/tools/inca/files/XMMODELS' (cds.lib command ignored).
DEFINE cds_assertions ./CDS_ASSERTIONS
|
xrun: *W,DLCPTH (/edatools/cdnc/XCELIUM2309/tools/inca/files/cdsvhdl.lib,12): cds.lib Invalid path '/edatools/cdnc/XCELIUM2309/tools/inca/files/CDS_ASSERTIONS' (cds.lib command ignored).
DEFINE cds_inhconn ./CDS_INHCONN
|
xrun: *W,DLCPTH (/edatools/cdnc/XCELIUM2309/tools/inca/files/cdsvhdl.lib,13): cds.lib Invalid path '/edatools/cdnc/XCELIUM2309/tools/inca/files/CDS_INHCONN' (cds.lib command ignored).
DEFINE cds_spicelib ./CDS_SPICELIB
|
xrun: *W,DLCPTH (/edatools/cdnc/XCELIUM2309/tools/inca/files/cdsvhdl.lib,14): cds.lib Invalid path '/edatools/cdnc/XCELIUM2309/tools/inca/files/CDS_SPICELIB' (cds.lib command ignored).
DEFINE cds_amsfunctions ./CDS_AMSFUNCTIONS
|
xrun: *W,DLCPTH (/edatools/cdnc/XCELIUM2309/tools/inca/files/cdsvhdl.lib,15): cds.lib Invalid path '/edatools/cdnc/XCELIUM2309/tools/inca/files/CDS_AMSFUNCTIONS' (cds.lib command ignored).
DEFINE std       ./STD
|
xrun: *W,DLCPTH (/edatools/cdnc/XCELIUM2309/tools/inca/files/cdsvhdl.lib,1): cds.lib Invalid path '/edatools/cdnc/XCELIUM2309/tools/inca/files/STD' (cds.lib command ignored).
DEFINE synopsys  ./SYNOPSYS
|
xrun: *W,DLCPTH (/edatools/cdnc/XCELIUM2309/tools/inca/files/cdsvhdl.lib,2): cds.lib Invalid path '/edatools/cdnc/XCELIUM2309/tools/inca/files/SYNOPSYS' (cds.lib command ignored).
DEFINE ieee      ./IEEE
|
xrun: *W,DLCPTH (/edatools/cdnc/XCELIUM2309/tools/inca/files/cdsvhdl.lib,3): cds.lib Invalid path '/edatools/cdnc/XCELIUM2309/tools/inca/files/IEEE' (cds.lib command ignored).
DEFINE ambit     ./AMBIT
|
xrun: *W,DLCPTH (/edatools/cdnc/XCELIUM2309/tools/inca/files/cdsvhdl.lib,4): cds.lib Invalid path '/edatools/cdnc/XCELIUM2309/tools/inca/files/AMBIT' (cds.lib command ignored).
DEFINE vital_memory ./VITAL_MEMORY
|
xrun: *W,DLCPTH (/edatools/cdnc/XCELIUM2309/tools/inca/files/cdsvhdl.lib,5): cds.lib Invalid path '/edatools/cdnc/XCELIUM2309/tools/inca/files/VITAL_MEMORY' (cds.lib command ignored).
DEFINE ncutils ./NCUTILS
|
xrun: *W,DLCPTH (/edatools/cdnc/XCELIUM2309/tools/inca/files/cdsvhdl.lib,6): cds.lib Invalid path '/edatools/cdnc/XCELIUM2309/tools/inca/files/NCUTILS' (cds.lib command ignored).
DEFINE ncinternal ./NCINTERNAL
|
xrun: *W,DLCPTH (/edatools/cdnc/XCELIUM2309/tools/inca/files/cdsvhdl.lib,7): cds.lib Invalid path '/edatools/cdnc/XCELIUM2309/tools/inca/files/NCINTERNAL' (cds.lib command ignored).
DEFINE ncmodels ./NCMODELS
|
xrun: *W,DLCPTH (/edatools/cdnc/XCELIUM2309/tools/inca/files/cdsvhdl.lib,8): cds.lib Invalid path '/edatools/cdnc/XCELIUM2309/tools/inca/files/NCMODELS' (cds.lib command ignored).
DEFINE xmutils ./XMUTILS
|
xrun: *W,DLCPTH (/edatools/cdnc/XCELIUM2309/tools/inca/files/cdsvhdl.lib,9): cds.lib Invalid path '/edatools/cdnc/XCELIUM2309/tools/inca/files/XMUTILS' (cds.lib command ignored).
DEFINE xminternal ./XMINTERNAL
|
xrun: *W,DLCPTH (/edatools/cdnc/XCELIUM2309/tools/inca/files/cdsvhdl.lib,10): cds.lib Invalid path '/edatools/cdnc/XCELIUM2309/tools/inca/files/XMINTERNAL' (cds.lib command ignored).
DEFINE xmmodels ./XMMODELS
|
xrun: *W,DLCPTH (/edatools/cdnc/XCELIUM2309/tools/inca/files/cdsvhdl.lib,11): cds.lib Invalid path '/edatools/cdnc/XCELIUM2309/tools/inca/files/XMMODELS' (cds.lib command ignored).
DEFINE cds_assertions ./CDS_ASSERTIONS
|
xrun: *W,DLCPTH (/edatools/cdnc/XCELIUM2309/tools/inca/files/cdsvhdl.lib,12): cds.lib Invalid path '/edatools/cdnc/XCELIUM2309/tools/inca/files/CDS_ASSERTIONS' (cds.lib command ignored).
DEFINE cds_inhconn ./CDS_INHCONN
|
xrun: *W,DLCPTH (/edatools/cdnc/XCELIUM2309/tools/inca/files/cdsvhdl.lib,13): cds.lib Invalid path '/edatools/cdnc/XCELIUM2309/tools/inca/files/CDS_INHCONN' (cds.lib command ignored).
DEFINE cds_spicelib ./CDS_SPICELIB
|
xrun: *W,DLCPTH (/edatools/cdnc/XCELIUM2309/tools/inca/files/cdsvhdl.lib,14): cds.lib Invalid path '/edatools/cdnc/XCELIUM2309/tools/inca/files/CDS_SPICELIB' (cds.lib command ignored).
DEFINE cds_amsfunctions ./CDS_AMSFUNCTIONS
|
xrun: *W,DLCPTH (/edatools/cdnc/XCELIUM2309/tools/inca/files/cdsvhdl.lib,15): cds.lib Invalid path '/edatools/cdnc/XCELIUM2309/tools/inca/files/CDS_AMSFUNCTIONS' (cds.lib command ignored).
DEFINE std       ./STD
|
xrun: *W,DLCPTH (/edatools/cdnc/XCELIUM2309/tools/inca/files/cdsvhdl.lib,1): cds.lib Invalid path '/edatools/cdnc/XCELIUM2309/tools/inca/files/STD' (cds.lib command ignored).
DEFINE synopsys  ./SYNOPSYS
|
xrun: *W,DLCPTH (/edatools/cdnc/XCELIUM2309/tools/inca/files/cdsvhdl.lib,2): cds.lib Invalid path '/edatools/cdnc/XCELIUM2309/tools/inca/files/SYNOPSYS' (cds.lib command ignored).
DEFINE ieee      ./IEEE
|
xrun: *W,DLCPTH (/edatools/cdnc/XCELIUM2309/tools/inca/files/cdsvhdl.lib,3): cds.lib Invalid path '/edatools/cdnc/XCELIUM2309/tools/inca/files/IEEE' (cds.lib command ignored).
DEFINE ambit     ./AMBIT
|
xrun: *W,DLCPTH (/edatools/cdnc/XCELIUM2309/tools/inca/files/cdsvhdl.lib,4): cds.lib Invalid path '/edatools/cdnc/XCELIUM2309/tools/inca/files/AMBIT' (cds.lib command ignored).
DEFINE vital_memory ./VITAL_MEMORY
|
xrun: *W,DLCPTH (/edatools/cdnc/XCELIUM2309/tools/inca/files/cdsvhdl.lib,5): cds.lib Invalid path '/edatools/cdnc/XCELIUM2309/tools/inca/files/VITAL_MEMORY' (cds.lib command ignored).
DEFINE ncutils ./NCUTILS
|
xrun: *W,DLCPTH (/edatools/cdnc/XCELIUM2309/tools/inca/files/cdsvhdl.lib,6): cds.lib Invalid path '/edatools/cdnc/XCELIUM2309/tools/inca/files/NCUTILS' (cds.lib command ignored).
DEFINE ncinternal ./NCINTERNAL
|
xrun: *W,DLCPTH (/edatools/cdnc/XCELIUM2309/tools/inca/files/cdsvhdl.lib,7): cds.lib Invalid path '/edatools/cdnc/XCELIUM2309/tools/inca/files/NCINTERNAL' (cds.lib command ignored).
DEFINE ncmodels ./NCMODELS
|
xrun: *W,DLCPTH (/edatools/cdnc/XCELIUM2309/tools/inca/files/cdsvhdl.lib,8): cds.lib Invalid path '/edatools/cdnc/XCELIUM2309/tools/inca/files/NCMODELS' (cds.lib command ignored).
DEFINE xmutils ./XMUTILS
|
xrun: *W,DLCPTH (/edatools/cdnc/XCELIUM2309/tools/inca/files/cdsvhdl.lib,9): cds.lib Invalid path '/edatools/cdnc/XCELIUM2309/tools/inca/files/XMUTILS' (cds.lib command ignored).
DEFINE xminternal ./XMINTERNAL
|
xrun: *W,DLCPTH (/edatools/cdnc/XCELIUM2309/tools/inca/files/cdsvhdl.lib,10): cds.lib Invalid path '/edatools/cdnc/XCELIUM2309/tools/inca/files/XMINTERNAL' (cds.lib command ignored).
DEFINE xmmodels ./XMMODELS
|
xrun: *W,DLCPTH (/edatools/cdnc/XCELIUM2309/tools/inca/files/cdsvhdl.lib,11): cds.lib Invalid path '/edatools/cdnc/XCELIUM2309/tools/inca/files/XMMODELS' (cds.lib command ignored).
DEFINE cds_assertions ./CDS_ASSERTIONS
|
xrun: *W,DLCPTH (/edatools/cdnc/XCELIUM2309/tools/inca/files/cdsvhdl.lib,12): cds.lib Invalid path '/edatools/cdnc/XCELIUM2309/tools/inca/files/CDS_ASSERTIONS' (cds.lib command ignored).
DEFINE cds_inhconn ./CDS_INHCONN
|
xrun: *W,DLCPTH (/edatools/cdnc/XCELIUM2309/tools/inca/files/cdsvhdl.lib,13): cds.lib Invalid path '/edatools/cdnc/XCELIUM2309/tools/inca/files/CDS_INHCONN' (cds.lib command ignored).
DEFINE cds_spicelib ./CDS_SPICELIB
|
xrun: *W,DLCPTH (/edatools/cdnc/XCELIUM2309/tools/inca/files/cdsvhdl.lib,14): cds.lib Invalid path '/edatools/cdnc/XCELIUM2309/tools/inca/files/CDS_SPICELIB' (cds.lib command ignored).
DEFINE cds_amsfunctions ./CDS_AMSFUNCTIONS
|
xrun: *W,DLCPTH (/edatools/cdnc/XCELIUM2309/tools/inca/files/cdsvhdl.lib,15): cds.lib Invalid path '/edatools/cdnc/XCELIUM2309/tools/inca/files/CDS_AMSFUNCTIONS' (cds.lib command ignored).
Recompiling... reason: file '../verif/microprocessor_tb.sv' is newer than expected.
	expected: Fri Nov 28 17:41:23 2025
	actual:   Fri Nov 28 17:57:04 2025
DEFINE std       ./STD
|
xrun: *W,DLCPTH (/edatools/cdnc/XCELIUM2309/tools/inca/files/cdsvhdl.lib,1): cds.lib Invalid path '/edatools/cdnc/XCELIUM2309/tools/inca/files/STD' (cds.lib command ignored).
DEFINE synopsys  ./SYNOPSYS
|
xrun: *W,DLCPTH (/edatools/cdnc/XCELIUM2309/tools/inca/files/cdsvhdl.lib,2): cds.lib Invalid path '/edatools/cdnc/XCELIUM2309/tools/inca/files/SYNOPSYS' (cds.lib command ignored).
DEFINE ieee      ./IEEE
|
xrun: *W,DLCPTH (/edatools/cdnc/XCELIUM2309/tools/inca/files/cdsvhdl.lib,3): cds.lib Invalid path '/edatools/cdnc/XCELIUM2309/tools/inca/files/IEEE' (cds.lib command ignored).
DEFINE ambit     ./AMBIT
|
xrun: *W,DLCPTH (/edatools/cdnc/XCELIUM2309/tools/inca/files/cdsvhdl.lib,4): cds.lib Invalid path '/edatools/cdnc/XCELIUM2309/tools/inca/files/AMBIT' (cds.lib command ignored).
DEFINE vital_memory ./VITAL_MEMORY
|
xrun: *W,DLCPTH (/edatools/cdnc/XCELIUM2309/tools/inca/files/cdsvhdl.lib,5): cds.lib Invalid path '/edatools/cdnc/XCELIUM2309/tools/inca/files/VITAL_MEMORY' (cds.lib command ignored).
DEFINE ncutils ./NCUTILS
|
xrun: *W,DLCPTH (/edatools/cdnc/XCELIUM2309/tools/inca/files/cdsvhdl.lib,6): cds.lib Invalid path '/edatools/cdnc/XCELIUM2309/tools/inca/files/NCUTILS' (cds.lib command ignored).
DEFINE ncinternal ./NCINTERNAL
|
xrun: *W,DLCPTH (/edatools/cdnc/XCELIUM2309/tools/inca/files/cdsvhdl.lib,7): cds.lib Invalid path '/edatools/cdnc/XCELIUM2309/tools/inca/files/NCINTERNAL' (cds.lib command ignored).
DEFINE ncmodels ./NCMODELS
|
xrun: *W,DLCPTH (/edatools/cdnc/XCELIUM2309/tools/inca/files/cdsvhdl.lib,8): cds.lib Invalid path '/edatools/cdnc/XCELIUM2309/tools/inca/files/NCMODELS' (cds.lib command ignored).
DEFINE xmutils ./XMUTILS
|
xrun: *W,DLCPTH (/edatools/cdnc/XCELIUM2309/tools/inca/files/cdsvhdl.lib,9): cds.lib Invalid path '/edatools/cdnc/XCELIUM2309/tools/inca/files/XMUTILS' (cds.lib command ignored).
DEFINE xminternal ./XMINTERNAL
|
xrun: *W,DLCPTH (/edatools/cdnc/XCELIUM2309/tools/inca/files/cdsvhdl.lib,10): cds.lib Invalid path '/edatools/cdnc/XCELIUM2309/tools/inca/files/XMINTERNAL' (cds.lib command ignored).
DEFINE xmmodels ./XMMODELS
|
xrun: *W,DLCPTH (/edatools/cdnc/XCELIUM2309/tools/inca/files/cdsvhdl.lib,11): cds.lib Invalid path '/edatools/cdnc/XCELIUM2309/tools/inca/files/XMMODELS' (cds.lib command ignored).
DEFINE cds_assertions ./CDS_ASSERTIONS
|
xrun: *W,DLCPTH (/edatools/cdnc/XCELIUM2309/tools/inca/files/cdsvhdl.lib,12): cds.lib Invalid path '/edatools/cdnc/XCELIUM2309/tools/inca/files/CDS_ASSERTIONS' (cds.lib command ignored).
DEFINE cds_inhconn ./CDS_INHCONN
|
xrun: *W,DLCPTH (/edatools/cdnc/XCELIUM2309/tools/inca/files/cdsvhdl.lib,13): cds.lib Invalid path '/edatools/cdnc/XCELIUM2309/tools/inca/files/CDS_INHCONN' (cds.lib command ignored).
DEFINE cds_spicelib ./CDS_SPICELIB
|
xrun: *W,DLCPTH (/edatools/cdnc/XCELIUM2309/tools/inca/files/cdsvhdl.lib,14): cds.lib Invalid path '/edatools/cdnc/XCELIUM2309/tools/inca/files/CDS_SPICELIB' (cds.lib command ignored).
DEFINE cds_amsfunctions ./CDS_AMSFUNCTIONS
|
xrun: *W,DLCPTH (/edatools/cdnc/XCELIUM2309/tools/inca/files/cdsvhdl.lib,15): cds.lib Invalid path '/edatools/cdnc/XCELIUM2309/tools/inca/files/CDS_AMSFUNCTIONS' (cds.lib command ignored).
DEFINE std       ./STD
|
xmvlog: *W,DLCPTH (/edatools/cdnc/XCELIUM2309/tools/inca/files/cdsvhdl.lib,1): cds.lib Invalid path '/edatools/cdnc/XCELIUM2309/tools/inca/files/STD' (cds.lib command ignored).
DEFINE synopsys  ./SYNOPSYS
|
xmvlog: *W,DLCPTH (/edatools/cdnc/XCELIUM2309/tools/inca/files/cdsvhdl.lib,2): cds.lib Invalid path '/edatools/cdnc/XCELIUM2309/tools/inca/files/SYNOPSYS' (cds.lib command ignored).
DEFINE ieee      ./IEEE
|
xmvlog: *W,DLCPTH (/edatools/cdnc/XCELIUM2309/tools/inca/files/cdsvhdl.lib,3): cds.lib Invalid path '/edatools/cdnc/XCELIUM2309/tools/inca/files/IEEE' (cds.lib command ignored).
DEFINE ambit     ./AMBIT
|
xmvlog: *W,DLCPTH (/edatools/cdnc/XCELIUM2309/tools/inca/files/cdsvhdl.lib,4): cds.lib Invalid path '/edatools/cdnc/XCELIUM2309/tools/inca/files/AMBIT' (cds.lib command ignored).
DEFINE vital_memory ./VITAL_MEMORY
|
xmvlog: *W,DLCPTH (/edatools/cdnc/XCELIUM2309/tools/inca/files/cdsvhdl.lib,5): cds.lib Invalid path '/edatools/cdnc/XCELIUM2309/tools/inca/files/VITAL_MEMORY' (cds.lib command ignored).
DEFINE ncutils ./NCUTILS
|
xmvlog: *W,DLCPTH (/edatools/cdnc/XCELIUM2309/tools/inca/files/cdsvhdl.lib,6): cds.lib Invalid path '/edatools/cdnc/XCELIUM2309/tools/inca/files/NCUTILS' (cds.lib command ignored).
DEFINE ncinternal ./NCINTERNAL
|
xmvlog: *W,DLCPTH (/edatools/cdnc/XCELIUM2309/tools/inca/files/cdsvhdl.lib,7): cds.lib Invalid path '/edatools/cdnc/XCELIUM2309/tools/inca/files/NCINTERNAL' (cds.lib command ignored).
DEFINE ncmodels ./NCMODELS
|
xmvlog: *W,DLCPTH (/edatools/cdnc/XCELIUM2309/tools/inca/files/cdsvhdl.lib,8): cds.lib Invalid path '/edatools/cdnc/XCELIUM2309/tools/inca/files/NCMODELS' (cds.lib command ignored).
DEFINE xmutils ./XMUTILS
|
xmvlog: *W,DLCPTH (/edatools/cdnc/XCELIUM2309/tools/inca/files/cdsvhdl.lib,9): cds.lib Invalid path '/edatools/cdnc/XCELIUM2309/tools/inca/files/XMUTILS' (cds.lib command ignored).
DEFINE xminternal ./XMINTERNAL
|
xmvlog: *W,DLCPTH (/edatools/cdnc/XCELIUM2309/tools/inca/files/cdsvhdl.lib,10): cds.lib Invalid path '/edatools/cdnc/XCELIUM2309/tools/inca/files/XMINTERNAL' (cds.lib command ignored).
DEFINE xmmodels ./XMMODELS
|
xmvlog: *W,DLCPTH (/edatools/cdnc/XCELIUM2309/tools/inca/files/cdsvhdl.lib,11): cds.lib Invalid path '/edatools/cdnc/XCELIUM2309/tools/inca/files/XMMODELS' (cds.lib command ignored).
DEFINE cds_assertions ./CDS_ASSERTIONS
|
xmvlog: *W,DLCPTH (/edatools/cdnc/XCELIUM2309/tools/inca/files/cdsvhdl.lib,12): cds.lib Invalid path '/edatools/cdnc/XCELIUM2309/tools/inca/files/CDS_ASSERTIONS' (cds.lib command ignored).
DEFINE cds_inhconn ./CDS_INHCONN
|
xmvlog: *W,DLCPTH (/edatools/cdnc/XCELIUM2309/tools/inca/files/cdsvhdl.lib,13): cds.lib Invalid path '/edatools/cdnc/XCELIUM2309/tools/inca/files/CDS_INHCONN' (cds.lib command ignored).
DEFINE cds_spicelib ./CDS_SPICELIB
|
xmvlog: *W,DLCPTH (/edatools/cdnc/XCELIUM2309/tools/inca/files/cdsvhdl.lib,14): cds.lib Invalid path '/edatools/cdnc/XCELIUM2309/tools/inca/files/CDS_SPICELIB' (cds.lib command ignored).
DEFINE cds_amsfunctions ./CDS_AMSFUNCTIONS
|
xmvlog: *W,DLCPTH (/edatools/cdnc/XCELIUM2309/tools/inca/files/cdsvhdl.lib,15): cds.lib Invalid path '/edatools/cdnc/XCELIUM2309/tools/inca/files/CDS_AMSFUNCTIONS' (cds.lib command ignored).
file: ../verif/microprocessor_if.sv
		std::randomize(imm);
		              |
xmvlog: *W,FUNTSK (../verif/microprocessor_if.sv,15|16): function called as a task without void'().
				write_addi_instr(rd, rs1);
				               |
xmvlog: *W,FUNTSK (../verif/microprocessor_if.sv,46|19): function called as a task without void'().
				write_add_instr(rs1, rs2, rd);
				              |
xmvlog: *W,FUNTSK (../verif/microprocessor_if.sv,49|18): function called as a task without void'().
				write_beq_instr(rs1, rs2, imm[12:0]);
				              |
xmvlog: *W,FUNTSK (../verif/microprocessor_if.sv,52|18): function called as a task without void'().
				write_jal_instr(rd, imm[20:0]);
				              |
xmvlog: *W,FUNTSK (../verif/microprocessor_if.sv,55|18): function called as a task without void'().
file: ../verif/microprocessor_tb.sv
	module worklib.microprocessor_tb:sv
		errors: 0, warnings: 0
	Total errors/warnings found outside modules and primitives:
		errors: 0, warnings: 15
DEFINE std       ./STD
|
xrun: *W,DLCPTH (/edatools/cdnc/XCELIUM2309/tools/inca/files/cdsvhdl.lib,1): cds.lib Invalid path '/edatools/cdnc/XCELIUM2309/tools/inca/files/STD' (cds.lib command ignored).
DEFINE synopsys  ./SYNOPSYS
|
xrun: *W,DLCPTH (/edatools/cdnc/XCELIUM2309/tools/inca/files/cdsvhdl.lib,2): cds.lib Invalid path '/edatools/cdnc/XCELIUM2309/tools/inca/files/SYNOPSYS' (cds.lib command ignored).
DEFINE ieee      ./IEEE
|
xrun: *W,DLCPTH (/edatools/cdnc/XCELIUM2309/tools/inca/files/cdsvhdl.lib,3): cds.lib Invalid path '/edatools/cdnc/XCELIUM2309/tools/inca/files/IEEE' (cds.lib command ignored).
DEFINE ambit     ./AMBIT
|
xrun: *W,DLCPTH (/edatools/cdnc/XCELIUM2309/tools/inca/files/cdsvhdl.lib,4): cds.lib Invalid path '/edatools/cdnc/XCELIUM2309/tools/inca/files/AMBIT' (cds.lib command ignored).
DEFINE vital_memory ./VITAL_MEMORY
|
xrun: *W,DLCPTH (/edatools/cdnc/XCELIUM2309/tools/inca/files/cdsvhdl.lib,5): cds.lib Invalid path '/edatools/cdnc/XCELIUM2309/tools/inca/files/VITAL_MEMORY' (cds.lib command ignored).
DEFINE ncutils ./NCUTILS
|
xrun: *W,DLCPTH (/edatools/cdnc/XCELIUM2309/tools/inca/files/cdsvhdl.lib,6): cds.lib Invalid path '/edatools/cdnc/XCELIUM2309/tools/inca/files/NCUTILS' (cds.lib command ignored).
DEFINE ncinternal ./NCINTERNAL
|
xrun: *W,DLCPTH (/edatools/cdnc/XCELIUM2309/tools/inca/files/cdsvhdl.lib,7): cds.lib Invalid path '/edatools/cdnc/XCELIUM2309/tools/inca/files/NCINTERNAL' (cds.lib command ignored).
DEFINE ncmodels ./NCMODELS
|
xrun: *W,DLCPTH (/edatools/cdnc/XCELIUM2309/tools/inca/files/cdsvhdl.lib,8): cds.lib Invalid path '/edatools/cdnc/XCELIUM2309/tools/inca/files/NCMODELS' (cds.lib command ignored).
DEFINE xmutils ./XMUTILS
|
xrun: *W,DLCPTH (/edatools/cdnc/XCELIUM2309/tools/inca/files/cdsvhdl.lib,9): cds.lib Invalid path '/edatools/cdnc/XCELIUM2309/tools/inca/files/XMUTILS' (cds.lib command ignored).
DEFINE xminternal ./XMINTERNAL
|
xrun: *W,DLCPTH (/edatools/cdnc/XCELIUM2309/tools/inca/files/cdsvhdl.lib,10): cds.lib Invalid path '/edatools/cdnc/XCELIUM2309/tools/inca/files/XMINTERNAL' (cds.lib command ignored).
DEFINE xmmodels ./XMMODELS
|
xrun: *W,DLCPTH (/edatools/cdnc/XCELIUM2309/tools/inca/files/cdsvhdl.lib,11): cds.lib Invalid path '/edatools/cdnc/XCELIUM2309/tools/inca/files/XMMODELS' (cds.lib command ignored).
DEFINE cds_assertions ./CDS_ASSERTIONS
|
xrun: *W,DLCPTH (/edatools/cdnc/XCELIUM2309/tools/inca/files/cdsvhdl.lib,12): cds.lib Invalid path '/edatools/cdnc/XCELIUM2309/tools/inca/files/CDS_ASSERTIONS' (cds.lib command ignored).
DEFINE cds_inhconn ./CDS_INHCONN
|
xrun: *W,DLCPTH (/edatools/cdnc/XCELIUM2309/tools/inca/files/cdsvhdl.lib,13): cds.lib Invalid path '/edatools/cdnc/XCELIUM2309/tools/inca/files/CDS_INHCONN' (cds.lib command ignored).
DEFINE cds_spicelib ./CDS_SPICELIB
|
xrun: *W,DLCPTH (/edatools/cdnc/XCELIUM2309/tools/inca/files/cdsvhdl.lib,14): cds.lib Invalid path '/edatools/cdnc/XCELIUM2309/tools/inca/files/CDS_SPICELIB' (cds.lib command ignored).
DEFINE cds_amsfunctions ./CDS_AMSFUNCTIONS
|
xrun: *W,DLCPTH (/edatools/cdnc/XCELIUM2309/tools/inca/files/cdsvhdl.lib,15): cds.lib Invalid path '/edatools/cdnc/XCELIUM2309/tools/inca/files/CDS_AMSFUNCTIONS' (cds.lib command ignored).
DEFINE std       ./STD
|
xrun: *W,DLCPTH (/edatools/cdnc/XCELIUM2309/tools/inca/files/cdsvhdl.lib,1): cds.lib Invalid path '/edatools/cdnc/XCELIUM2309/tools/inca/files/STD' (cds.lib command ignored).
DEFINE synopsys  ./SYNOPSYS
|
xrun: *W,DLCPTH (/edatools/cdnc/XCELIUM2309/tools/inca/files/cdsvhdl.lib,2): cds.lib Invalid path '/edatools/cdnc/XCELIUM2309/tools/inca/files/SYNOPSYS' (cds.lib command ignored).
DEFINE ieee      ./IEEE
|
xrun: *W,DLCPTH (/edatools/cdnc/XCELIUM2309/tools/inca/files/cdsvhdl.lib,3): cds.lib Invalid path '/edatools/cdnc/XCELIUM2309/tools/inca/files/IEEE' (cds.lib command ignored).
DEFINE ambit     ./AMBIT
|
xrun: *W,DLCPTH (/edatools/cdnc/XCELIUM2309/tools/inca/files/cdsvhdl.lib,4): cds.lib Invalid path '/edatools/cdnc/XCELIUM2309/tools/inca/files/AMBIT' (cds.lib command ignored).
DEFINE vital_memory ./VITAL_MEMORY
|
xrun: *W,DLCPTH (/edatools/cdnc/XCELIUM2309/tools/inca/files/cdsvhdl.lib,5): cds.lib Invalid path '/edatools/cdnc/XCELIUM2309/tools/inca/files/VITAL_MEMORY' (cds.lib command ignored).
DEFINE ncutils ./NCUTILS
|
xrun: *W,DLCPTH (/edatools/cdnc/XCELIUM2309/tools/inca/files/cdsvhdl.lib,6): cds.lib Invalid path '/edatools/cdnc/XCELIUM2309/tools/inca/files/NCUTILS' (cds.lib command ignored).
DEFINE ncinternal ./NCINTERNAL
|
xrun: *W,DLCPTH (/edatools/cdnc/XCELIUM2309/tools/inca/files/cdsvhdl.lib,7): cds.lib Invalid path '/edatools/cdnc/XCELIUM2309/tools/inca/files/NCINTERNAL' (cds.lib command ignored).
DEFINE ncmodels ./NCMODELS
|
xrun: *W,DLCPTH (/edatools/cdnc/XCELIUM2309/tools/inca/files/cdsvhdl.lib,8): cds.lib Invalid path '/edatools/cdnc/XCELIUM2309/tools/inca/files/NCMODELS' (cds.lib command ignored).
DEFINE xmutils ./XMUTILS
|
xrun: *W,DLCPTH (/edatools/cdnc/XCELIUM2309/tools/inca/files/cdsvhdl.lib,9): cds.lib Invalid path '/edatools/cdnc/XCELIUM2309/tools/inca/files/XMUTILS' (cds.lib command ignored).
DEFINE xminternal ./XMINTERNAL
|
xrun: *W,DLCPTH (/edatools/cdnc/XCELIUM2309/tools/inca/files/cdsvhdl.lib,10): cds.lib Invalid path '/edatools/cdnc/XCELIUM2309/tools/inca/files/XMINTERNAL' (cds.lib command ignored).
DEFINE xmmodels ./XMMODELS
|
xrun: *W,DLCPTH (/edatools/cdnc/XCELIUM2309/tools/inca/files/cdsvhdl.lib,11): cds.lib Invalid path '/edatools/cdnc/XCELIUM2309/tools/inca/files/XMMODELS' (cds.lib command ignored).
DEFINE cds_assertions ./CDS_ASSERTIONS
|
xrun: *W,DLCPTH (/edatools/cdnc/XCELIUM2309/tools/inca/files/cdsvhdl.lib,12): cds.lib Invalid path '/edatools/cdnc/XCELIUM2309/tools/inca/files/CDS_ASSERTIONS' (cds.lib command ignored).
DEFINE cds_inhconn ./CDS_INHCONN
|
xrun: *W,DLCPTH (/edatools/cdnc/XCELIUM2309/tools/inca/files/cdsvhdl.lib,13): cds.lib Invalid path '/edatools/cdnc/XCELIUM2309/tools/inca/files/CDS_INHCONN' (cds.lib command ignored).
DEFINE cds_spicelib ./CDS_SPICELIB
|
xrun: *W,DLCPTH (/edatools/cdnc/XCELIUM2309/tools/inca/files/cdsvhdl.lib,14): cds.lib Invalid path '/edatools/cdnc/XCELIUM2309/tools/inca/files/CDS_SPICELIB' (cds.lib command ignored).
DEFINE cds_amsfunctions ./CDS_AMSFUNCTIONS
|
xrun: *W,DLCPTH (/edatools/cdnc/XCELIUM2309/tools/inca/files/cdsvhdl.lib,15): cds.lib Invalid path '/edatools/cdnc/XCELIUM2309/tools/inca/files/CDS_AMSFUNCTIONS' (cds.lib command ignored).
DEFINE std       ./STD
|
xmelab: *W,DLCPTH (/edatools/cdnc/XCELIUM2309/tools/inca/files/cdsvhdl.lib,1): cds.lib Invalid path '/edatools/cdnc/XCELIUM2309/tools/inca/files/STD' (cds.lib command ignored).
DEFINE synopsys  ./SYNOPSYS
|
xmelab: *W,DLCPTH (/edatools/cdnc/XCELIUM2309/tools/inca/files/cdsvhdl.lib,2): cds.lib Invalid path '/edatools/cdnc/XCELIUM2309/tools/inca/files/SYNOPSYS' (cds.lib command ignored).
DEFINE ieee      ./IEEE
|
xmelab: *W,DLCPTH (/edatools/cdnc/XCELIUM2309/tools/inca/files/cdsvhdl.lib,3): cds.lib Invalid path '/edatools/cdnc/XCELIUM2309/tools/inca/files/IEEE' (cds.lib command ignored).
DEFINE ambit     ./AMBIT
|
xmelab: *W,DLCPTH (/edatools/cdnc/XCELIUM2309/tools/inca/files/cdsvhdl.lib,4): cds.lib Invalid path '/edatools/cdnc/XCELIUM2309/tools/inca/files/AMBIT' (cds.lib command ignored).
DEFINE vital_memory ./VITAL_MEMORY
|
xmelab: *W,DLCPTH (/edatools/cdnc/XCELIUM2309/tools/inca/files/cdsvhdl.lib,5): cds.lib Invalid path '/edatools/cdnc/XCELIUM2309/tools/inca/files/VITAL_MEMORY' (cds.lib command ignored).
DEFINE ncutils ./NCUTILS
|
xmelab: *W,DLCPTH (/edatools/cdnc/XCELIUM2309/tools/inca/files/cdsvhdl.lib,6): cds.lib Invalid path '/edatools/cdnc/XCELIUM2309/tools/inca/files/NCUTILS' (cds.lib command ignored).
DEFINE ncinternal ./NCINTERNAL
|
xmelab: *W,DLCPTH (/edatools/cdnc/XCELIUM2309/tools/inca/files/cdsvhdl.lib,7): cds.lib Invalid path '/edatools/cdnc/XCELIUM2309/tools/inca/files/NCINTERNAL' (cds.lib command ignored).
DEFINE ncmodels ./NCMODELS
|
xmelab: *W,DLCPTH (/edatools/cdnc/XCELIUM2309/tools/inca/files/cdsvhdl.lib,8): cds.lib Invalid path '/edatools/cdnc/XCELIUM2309/tools/inca/files/NCMODELS' (cds.lib command ignored).
DEFINE xmutils ./XMUTILS
|
xmelab: *W,DLCPTH (/edatools/cdnc/XCELIUM2309/tools/inca/files/cdsvhdl.lib,9): cds.lib Invalid path '/edatools/cdnc/XCELIUM2309/tools/inca/files/XMUTILS' (cds.lib command ignored).
DEFINE xminternal ./XMINTERNAL
|
xmelab: *W,DLCPTH (/edatools/cdnc/XCELIUM2309/tools/inca/files/cdsvhdl.lib,10): cds.lib Invalid path '/edatools/cdnc/XCELIUM2309/tools/inca/files/XMINTERNAL' (cds.lib command ignored).
DEFINE xmmodels ./XMMODELS
|
xmelab: *W,DLCPTH (/edatools/cdnc/XCELIUM2309/tools/inca/files/cdsvhdl.lib,11): cds.lib Invalid path '/edatools/cdnc/XCELIUM2309/tools/inca/files/XMMODELS' (cds.lib command ignored).
DEFINE cds_assertions ./CDS_ASSERTIONS
|
xmelab: *W,DLCPTH (/edatools/cdnc/XCELIUM2309/tools/inca/files/cdsvhdl.lib,12): cds.lib Invalid path '/edatools/cdnc/XCELIUM2309/tools/inca/files/CDS_ASSERTIONS' (cds.lib command ignored).
DEFINE cds_inhconn ./CDS_INHCONN
|
xmelab: *W,DLCPTH (/edatools/cdnc/XCELIUM2309/tools/inca/files/cdsvhdl.lib,13): cds.lib Invalid path '/edatools/cdnc/XCELIUM2309/tools/inca/files/CDS_INHCONN' (cds.lib command ignored).
DEFINE cds_spicelib ./CDS_SPICELIB
|
xmelab: *W,DLCPTH (/edatools/cdnc/XCELIUM2309/tools/inca/files/cdsvhdl.lib,14): cds.lib Invalid path '/edatools/cdnc/XCELIUM2309/tools/inca/files/CDS_SPICELIB' (cds.lib command ignored).
DEFINE cds_amsfunctions ./CDS_AMSFUNCTIONS
|
xmelab: *W,DLCPTH (/edatools/cdnc/XCELIUM2309/tools/inca/files/cdsvhdl.lib,15): cds.lib Invalid path '/edatools/cdnc/XCELIUM2309/tools/inca/files/CDS_AMSFUNCTIONS' (cds.lib command ignored).
		Caching library 'worklib' ....... Done
	Elaborating the design hierarchy:
	microprocessor_top microprocessor_i (
	                                  |
xmelab: *W,CUVWSP (../verif/microprocessor_tb.sv,30|35): 4 output ports were not connected:
xmelab: (../rtl/microprocessor_top.sv,5): memread
xmelab: (../rtl/microprocessor_top.sv,6): memwrite
xmelab: (../rtl/microprocessor_top.sv,7): memtoreg
xmelab: (../rtl/microprocessor_top.sv,8): alu_result

	Top level design units:
		$unit_0x5391aa36
		instruction_memory
		microprocessor_tb
	Building instance overlay tables: .................... Done
	Generating native compiled code:
DEFINE std       ./STD
|
xmvlog_cg: *W,DLCPTH (/edatools/cdnc/XCELIUM2309/tools/inca/files/cdsvhdl.lib,1): cds.lib Invalid path '/edatools/cdnc/XCELIUM2309/tools/inca/files/STD' (cds.lib command ignored).
DEFINE synopsys  ./SYNOPSYS
|
xmvlog_cg: *W,DLCPTH (/edatools/cdnc/XCELIUM2309/tools/inca/files/cdsvhdl.lib,2): cds.lib Invalid path '/edatools/cdnc/XCELIUM2309/tools/inca/files/SYNOPSYS' (cds.lib command ignored).
DEFINE ieee      ./IEEE
|
xmvlog_cg: *W,DLCPTH (/edatools/cdnc/XCELIUM2309/tools/inca/files/cdsvhdl.lib,3): cds.lib Invalid path '/edatools/cdnc/XCELIUM2309/tools/inca/files/IEEE' (cds.lib command ignored).
DEFINE ambit     ./AMBIT
|
xmvlog_cg: *W,DLCPTH (/edatools/cdnc/XCELIUM2309/tools/inca/files/cdsvhdl.lib,4): cds.lib Invalid path '/edatools/cdnc/XCELIUM2309/tools/inca/files/AMBIT' (cds.lib command ignored).
DEFINE vital_memory ./VITAL_MEMORY
|
xmvlog_cg: *W,DLCPTH (/edatools/cdnc/XCELIUM2309/tools/inca/files/cdsvhdl.lib,5): cds.lib Invalid path '/edatools/cdnc/XCELIUM2309/tools/inca/files/VITAL_MEMORY' (cds.lib command ignored).
DEFINE ncutils ./NCUTILS
|
xmvlog_cg: *W,DLCPTH (/edatools/cdnc/XCELIUM2309/tools/inca/files/cdsvhdl.lib,6): cds.lib Invalid path '/edatools/cdnc/XCELIUM2309/tools/inca/files/NCUTILS' (cds.lib command ignored).
DEFINE ncinternal ./NCINTERNAL
|
xmvlog_cg: *W,DLCPTH (/edatools/cdnc/XCELIUM2309/tools/inca/files/cdsvhdl.lib,7): cds.lib Invalid path '/edatools/cdnc/XCELIUM2309/tools/inca/files/NCINTERNAL' (cds.lib command ignored).
DEFINE ncmodels ./NCMODELS
|
xmvlog_cg: *W,DLCPTH (/edatools/cdnc/XCELIUM2309/tools/inca/files/cdsvhdl.lib,8): cds.lib Invalid path '/edatools/cdnc/XCELIUM2309/tools/inca/files/NCMODELS' (cds.lib command ignored).
DEFINE xmutils ./XMUTILS
|
xmvlog_cg: *W,DLCPTH (/edatools/cdnc/XCELIUM2309/tools/inca/files/cdsvhdl.lib,9): cds.lib Invalid path '/edatools/cdnc/XCELIUM2309/tools/inca/files/XMUTILS' (cds.lib command ignored).
DEFINE xminternal ./XMINTERNAL
|
xmvlog_cg: *W,DLCPTH (/edatools/cdnc/XCELIUM2309/tools/inca/files/cdsvhdl.lib,10): cds.lib Invalid path '/edatools/cdnc/XCELIUM2309/tools/inca/files/XMINTERNAL' (cds.lib command ignored).
DEFINE xmmodels ./XMMODELS
|
xmvlog_cg: *W,DLCPTH (/edatools/cdnc/XCELIUM2309/tools/inca/files/cdsvhdl.lib,11): cds.lib Invalid path '/edatools/cdnc/XCELIUM2309/tools/inca/files/XMMODELS' (cds.lib command ignored).
DEFINE cds_assertions ./CDS_ASSERTIONS
|
xmvlog_cg: *W,DLCPTH (/edatools/cdnc/XCELIUM2309/tools/inca/files/cdsvhdl.lib,12): cds.lib Invalid path '/edatools/cdnc/XCELIUM2309/tools/inca/files/CDS_ASSERTIONS' (cds.lib command ignored).
DEFINE cds_inhconn ./CDS_INHCONN
|
xmvlog_cg: *W,DLCPTH (/edatools/cdnc/XCELIUM2309/tools/inca/files/cdsvhdl.lib,13): cds.lib Invalid path '/edatools/cdnc/XCELIUM2309/tools/inca/files/CDS_INHCONN' (cds.lib command ignored).
DEFINE cds_spicelib ./CDS_SPICELIB
|
xmvlog_cg: *W,DLCPTH (/edatools/cdnc/XCELIUM2309/tools/inca/files/cdsvhdl.lib,14): cds.lib Invalid path '/edatools/cdnc/XCELIUM2309/tools/inca/files/CDS_SPICELIB' (cds.lib command ignored).
DEFINE cds_amsfunctions ./CDS_AMSFUNCTIONS
|
xmvlog_cg: *W,DLCPTH (/edatools/cdnc/XCELIUM2309/tools/inca/files/cdsvhdl.lib,15): cds.lib Invalid path '/edatools/cdnc/XCELIUM2309/tools/inca/files/CDS_AMSFUNCTIONS' (cds.lib command ignored).
		worklib.imm_gen:sv <0x36154b60>
			streams:   1, words:  1413
		worklib.mux:sv <0x17f0536e>
			streams:   1, words:   244
		worklib.program_counter:sv <0x72374060>
			streams:   2, words:   963
		worklib.physical_register_file:sv <0x68c98829>
			streams:   4, words:  2391
		worklib.microprocessor_top:sv <0x61761a4f>
			streams:  34, words:  8474
		worklib.microprocessor_tb:sv <0x04a39f7a>
			streams:   7, words:  4026
		worklib.instruction_memory:sv <0x494575a9>
			streams:   4, words:  2551
		worklib.microprocessor_if:sv <0x0f60483b>
			streams:   5, words:  5413
		worklib.alu:sv <0x022d5436>
			streams:   2, words:  3552
		worklib.control_unit:sv <0x66142847>
			streams:   1, words:  8906
	Building instance specific data structures.
	Loading native compiled code:     .................... Done
	Design hierarchy summary:
		                 Instances  Unique
		Modules:                10       9
		Interfaces:              1       1
		Registers:              85      84
		Scalar wires:           29       -
		Vectored wires:         44       -
		Always blocks:           8       8
		Initial blocks:          4       4
		Cont. assignments:       5       4
		Pseudo assignments:     37       -
		Compilation units:       1       1
		Process Clocks:          3       2
		Simulation timescale:  1ps
	Writing initial simulation snapshot: worklib.instruction_memory:sv
DEFINE std       ./STD
|
xmsim: *W,DLCPTH (/edatools/cdnc/XCELIUM2309/tools/inca/files/cdsvhdl.lib,1): cds.lib Invalid path '/edatools/cdnc/XCELIUM2309/tools/inca/files/STD' (cds.lib command ignored).
DEFINE synopsys  ./SYNOPSYS
|
xmsim: *W,DLCPTH (/edatools/cdnc/XCELIUM2309/tools/inca/files/cdsvhdl.lib,2): cds.lib Invalid path '/edatools/cdnc/XCELIUM2309/tools/inca/files/SYNOPSYS' (cds.lib command ignored).
DEFINE ieee      ./IEEE
|
xmsim: *W,DLCPTH (/edatools/cdnc/XCELIUM2309/tools/inca/files/cdsvhdl.lib,3): cds.lib Invalid path '/edatools/cdnc/XCELIUM2309/tools/inca/files/IEEE' (cds.lib command ignored).
DEFINE ambit     ./AMBIT
|
xmsim: *W,DLCPTH (/edatools/cdnc/XCELIUM2309/tools/inca/files/cdsvhdl.lib,4): cds.lib Invalid path '/edatools/cdnc/XCELIUM2309/tools/inca/files/AMBIT' (cds.lib command ignored).
DEFINE vital_memory ./VITAL_MEMORY
|
xmsim: *W,DLCPTH (/edatools/cdnc/XCELIUM2309/tools/inca/files/cdsvhdl.lib,5): cds.lib Invalid path '/edatools/cdnc/XCELIUM2309/tools/inca/files/VITAL_MEMORY' (cds.lib command ignored).
DEFINE ncutils ./NCUTILS
|
xmsim: *W,DLCPTH (/edatools/cdnc/XCELIUM2309/tools/inca/files/cdsvhdl.lib,6): cds.lib Invalid path '/edatools/cdnc/XCELIUM2309/tools/inca/files/NCUTILS' (cds.lib command ignored).
DEFINE ncinternal ./NCINTERNAL
|
xmsim: *W,DLCPTH (/edatools/cdnc/XCELIUM2309/tools/inca/files/cdsvhdl.lib,7): cds.lib Invalid path '/edatools/cdnc/XCELIUM2309/tools/inca/files/NCINTERNAL' (cds.lib command ignored).
DEFINE ncmodels ./NCMODELS
|
xmsim: *W,DLCPTH (/edatools/cdnc/XCELIUM2309/tools/inca/files/cdsvhdl.lib,8): cds.lib Invalid path '/edatools/cdnc/XCELIUM2309/tools/inca/files/NCMODELS' (cds.lib command ignored).
DEFINE xmutils ./XMUTILS
|
xmsim: *W,DLCPTH (/edatools/cdnc/XCELIUM2309/tools/inca/files/cdsvhdl.lib,9): cds.lib Invalid path '/edatools/cdnc/XCELIUM2309/tools/inca/files/XMUTILS' (cds.lib command ignored).
DEFINE xminternal ./XMINTERNAL
|
xmsim: *W,DLCPTH (/edatools/cdnc/XCELIUM2309/tools/inca/files/cdsvhdl.lib,10): cds.lib Invalid path '/edatools/cdnc/XCELIUM2309/tools/inca/files/XMINTERNAL' (cds.lib command ignored).
DEFINE xmmodels ./XMMODELS
|
xmsim: *W,DLCPTH (/edatools/cdnc/XCELIUM2309/tools/inca/files/cdsvhdl.lib,11): cds.lib Invalid path '/edatools/cdnc/XCELIUM2309/tools/inca/files/XMMODELS' (cds.lib command ignored).
DEFINE cds_assertions ./CDS_ASSERTIONS
|
xmsim: *W,DLCPTH (/edatools/cdnc/XCELIUM2309/tools/inca/files/cdsvhdl.lib,12): cds.lib Invalid path '/edatools/cdnc/XCELIUM2309/tools/inca/files/CDS_ASSERTIONS' (cds.lib command ignored).
DEFINE cds_inhconn ./CDS_INHCONN
|
xmsim: *W,DLCPTH (/edatools/cdnc/XCELIUM2309/tools/inca/files/cdsvhdl.lib,13): cds.lib Invalid path '/edatools/cdnc/XCELIUM2309/tools/inca/files/CDS_INHCONN' (cds.lib command ignored).
DEFINE cds_spicelib ./CDS_SPICELIB
|
xmsim: *W,DLCPTH (/edatools/cdnc/XCELIUM2309/tools/inca/files/cdsvhdl.lib,14): cds.lib Invalid path '/edatools/cdnc/XCELIUM2309/tools/inca/files/CDS_SPICELIB' (cds.lib command ignored).
DEFINE cds_amsfunctions ./CDS_AMSFUNCTIONS
|
xmsim: *W,DLCPTH (/edatools/cdnc/XCELIUM2309/tools/inca/files/cdsvhdl.lib,15): cds.lib Invalid path '/edatools/cdnc/XCELIUM2309/tools/inca/files/CDS_AMSFUNCTIONS' (cds.lib command ignored).
Loading snapshot worklib.instruction_memory:sv .................... Done
SVSEED default: 1
xcelium> source /edatools/cdnc/XCELIUM2309/tools/xcelium/files/xmsimrc
xcelium> run
xmsim: *W,MTDNOCFG: MTD auto-configuration failed, default settings are in use.
RESULT = 4294966095
opcode =  19
Simulation complete via $finish(1) at time 100 US + 0
../verif/microprocessor_tb.sv:44 		$finish;
xcelium> exit
TOOL:	xrun(64)	23.09-s001: Exiting on Nov 28, 2025 at 17:57:08 UTC  (total: 00:00:02)
