# ----------------------------------------
# Jasper Version Info
# tool      : Jasper 2023.09
# platform  : Linux 4.19.0-20-amd64
# version   : 2023.09 FCS 64 bits
# build date: 2023.09.27 19:40:18 UTC
# ----------------------------------------
# started   : 2025-11-28 22:52:21 UTC
# hostname  : joc044.(none)
# pid       : 10429
# arguments : '-label' 'session_0' '-console' '//127.0.0.1:45845' '-style' 'windows' '-data' 'AAAA9HicfYyxCsIwGIS/UHR28BG6KioURTK4uCmig2uHYkVRWlQcXPRRfZN4iQTq4v3cHf/9lxjAPp1zBCQPSYcFSzbMpSu2cpiSMWLCgBlDaT9wLGba/18DzPvrWEMTZv36cWjFYqwkYpcje3JKau7690bBSXmbXhhIOXNQeqFSx2vBjqum0pbrhc89Pk3jHBQ=' '-proj' '/home/joc/piezo/microprocessor_fibonacci_dd2025/fv/jgproject/sessionLogs/session_0' '-init' '-hidden' '/home/joc/piezo/microprocessor_fibonacci_dd2025/fv/jgproject/.tmp/.initCmds.tcl' 'jg_fpv.tcl'

Any disclosure about the Cadence Design Systems software or its use
model to any third party violates the written Non-Disclosure Agreement
between Cadence Design Systems, Inc. and the customer.

THIS SOFTWARE CONTAINS CONFIDENTIAL INFORMATION AND TRADE SECRETS OF
CADENCE DESIGN SYSTEMS, INC. USE, DISCLOSURE, OR REPRODUCTION IS
PROHIBITED WITHOUT THE PRIOR EXPRESS WRITTEN PERMISSION OF CADENCE
DESIGN SYSTEMS, INC.

Copyright (C) 2000-2023 Cadence Design Systems, Inc. All Rights
Reserved.  Unpublished -- rights reserved under the copyright laws of
the United States.

This product includes software developed by others and redistributed
according to license agreement. See doc/third_party_readme.txt for
further details.

RESTRICTED RIGHTS LEGEND

Use, duplication, or disclosure by the Government is subject to
restrictions as set forth in subparagraph (c) (1) (ii) of the Rights in
Technical Data and Computer Software clause at DFARS 252.227-7013 or
subparagraphs (c) (1) and (2) of Commercial Computer Software -- Restricted
Rights at 48 CFR 52.227-19, as applicable.


                          Cadence Design Systems, Inc.
                          2655 Seely Avenue
                          San Jose, CA 95134
                          Phone: 408.943.1234

For technical assistance visit http://support.cadence.com.

Jasper Apps Analysis Session - /home/joc/piezo/microprocessor_fibonacci_dd2025/fv/jgproject/sessionLogs/session_0

WARNING (WG017): [session]: The system's locale is "ANSI_X3.4-1968", which is not UTF-8. Non-ASCII characters might not be handled correctly.
WARNING (WG017): [jg_console]: The system's locale is "ANSI_X3.4-1968", which is not UTF-8. Non-ASCII characters might not be handled correctly.
INFO: successfully checked out licenses "jasper_interactive" and "jasper_fao".
INFO: reading configuration file "/home/joc/.config/cadence/jasper.conf".
% clear -all
INFO (IPF121): Cleared environment completely for new design analysis.
% 
% set sepIdx [lsearch $argv ---]
1
% if {$sepIdx == -1 || [expr {$sepIdx + 1}] >= [llength $argv]} {
  puts "-Uso: jg -tcl jg_fpv.tcl --- <nombre_top_module>" 
  exit 1
}
% set FV_TOP [lindex $argv [expr {$sepIdx + 1}]]
microprocessor_top
% 
% ### add here secundary files for analysis if needed
% 
% ### ----------------------------------
% 
% set RTL_DIR "/home/joc/piezo/microprocessor_fibonacci_dd2025/rtl"
/home/joc/piezo/microprocessor_fibonacci_dd2025/rtl
% set FV_DIR  "/home/joc/piezo/microprocessor_fibonacci_dd2025/fv"
/home/joc/piezo/microprocessor_fibonacci_dd2025/fv
% 
% foreach f {
  defines.svh
  mux.sv
  program_counter.sv
  physical_register_file.sv
  instruction_memory.sv
  imm_gen.sv
  alu.sv
  control_unit.sv
  microprocessor_top.sv
} {
  eval analyze -sv $RTL_DIR/$f
}
[-- (VERI-1482)] Analyzing Verilog file '/edatools/cdnc/JASPER2309/lib/verilog/packages/std/std.sv' into library 'std'
[-- (VERI-1482)] Analyzing Verilog file '/home/joc/piezo/microprocessor_fibonacci_dd2025/rtl/defines.svh'
[-- (VERI-1482)] Analyzing Verilog file '/home/joc/piezo/microprocessor_fibonacci_dd2025/rtl/mux.sv'
[-- (VERI-1482)] Analyzing Verilog file '/home/joc/piezo/microprocessor_fibonacci_dd2025/rtl/program_counter.sv'
[-- (VERI-1482)] Analyzing Verilog file '/home/joc/piezo/microprocessor_fibonacci_dd2025/rtl/physical_register_file.sv'
[-- (VERI-1482)] Analyzing Verilog file '/home/joc/piezo/microprocessor_fibonacci_dd2025/rtl/instruction_memory.sv'
[-- (VERI-1482)] Analyzing Verilog file '/home/joc/piezo/microprocessor_fibonacci_dd2025/rtl/imm_gen.sv'
[-- (VERI-1482)] Analyzing Verilog file '/home/joc/piezo/microprocessor_fibonacci_dd2025/rtl/alu.sv'
[-- (VERI-1482)] Analyzing Verilog file '/home/joc/piezo/microprocessor_fibonacci_dd2025/rtl/control_unit.sv'
[-- (VERI-1482)] Analyzing Verilog file '/home/joc/piezo/microprocessor_fibonacci_dd2025/rtl/microprocessor_top.sv'
[INFO (VERI-1328)] /home/joc/piezo/microprocessor_fibonacci_dd2025/rtl/microprocessor_top.sv(11): analyzing included file '/home/joc/piezo/microprocessor_fibonacci_dd2025/rtl/defines.svh'
% 
% eval analyze -sv $FV_DIR/fv_$FV_TOP.sv
[-- (VERI-1482)] Analyzing Verilog file '/home/joc/piezo/microprocessor_fibonacci_dd2025/fv/fv_microprocessor_top.sv'
[INFO (VERI-1328)] /home/joc/piezo/microprocessor_fibonacci_dd2025/fv/fv_microprocessor_top.sv(17): analyzing included file '/home/joc/piezo/microprocessor_fibonacci_dd2025/fv/includes.svh'
% 
% elaborate -top $FV_TOP
INFO (ISW003): Top module name is "microprocessor_top".
[WARN (VERI-2418)] /home/joc/piezo/microprocessor_fibonacci_dd2025/rtl/defines.svh(2): parameter 'DIR_WIDTH' declared inside compilation unit '\$unit__home_joc_piezo_microprocessor_fibonacci_dd2025_rtl_defines_svh ' shall be treated as localparam
[WARN (VERI-2418)] /home/joc/piezo/microprocessor_fibonacci_dd2025/rtl/defines.svh(4): parameter 'DATA_WIDTH' declared inside compilation unit '\$unit__home_joc_piezo_microprocessor_fibonacci_dd2025_rtl_defines_svh ' shall be treated as localparam
[WARN (VERI-2418)] /home/joc/piezo/microprocessor_fibonacci_dd2025/rtl/defines.svh(5): parameter 'ADDR_WIDTH' declared inside compilation unit '\$unit__home_joc_piezo_microprocessor_fibonacci_dd2025_rtl_defines_svh ' shall be treated as localparam
[WARN (VERI-2418)] /home/joc/piezo/microprocessor_fibonacci_dd2025/rtl/defines.svh(6): parameter 'BYTE_WIDTH' declared inside compilation unit '\$unit__home_joc_piezo_microprocessor_fibonacci_dd2025_rtl_defines_svh ' shall be treated as localparam
[WARN (VERI-2418)] /home/joc/piezo/microprocessor_fibonacci_dd2025/rtl/defines.svh(7): parameter 'MEM_DEPTH' declared inside compilation unit '\$unit__home_joc_piezo_microprocessor_fibonacci_dd2025_rtl_defines_svh ' shall be treated as localparam
[WARN (VERI-2418)] /home/joc/piezo/microprocessor_fibonacci_dd2025/rtl/defines.svh(8): parameter 'CLK_FREQ' declared inside compilation unit '\$unit__home_joc_piezo_microprocessor_fibonacci_dd2025_rtl_defines_svh ' shall be treated as localparam
[WARN (VERI-2418)] /home/joc/piezo/microprocessor_fibonacci_dd2025/rtl/defines.svh(9): parameter 'BAUD_SEL_SIZE' declared inside compilation unit '\$unit__home_joc_piezo_microprocessor_fibonacci_dd2025_rtl_defines_svh ' shall be treated as localparam
[INFO (VERI-9030)] /home/joc/piezo/microprocessor_fibonacci_dd2025/fv/fv_microprocessor_top.sv(117): undeclared symbol 'pc_out' in bind instance actual, assumed default net type 'wire'
[INFO (HIER-8002)] /home/joc/piezo/microprocessor_fibonacci_dd2025/rtl/microprocessor_top.sv(140): Disabling old hierarchical reference handler
[INFO (VERI-1018)] /home/joc/piezo/microprocessor_fibonacci_dd2025/rtl/physical_register_file.sv(22): compiling module 'physical_register_file'
[INFO (VERI-1018)] /home/joc/piezo/microprocessor_fibonacci_dd2025/rtl/alu.sv(10): compiling module 'alu'
[INFO (VERI-1018)] /home/joc/piezo/microprocessor_fibonacci_dd2025/rtl/program_counter.sv(12): compiling module 'program_counter'
[INFO (VERI-1018)] /home/joc/piezo/microprocessor_fibonacci_dd2025/rtl/mux.sv(1): compiling module 'mux'
[INFO (VERI-1018)] /home/joc/piezo/microprocessor_fibonacci_dd2025/rtl/imm_gen.sv(13): compiling module 'imm_gen'
[INFO (VERI-1018)] /home/joc/piezo/microprocessor_fibonacci_dd2025/rtl/control_unit.sv(11): compiling module 'control_unit'
[WARN (VERI-1899)] /home/joc/piezo/microprocessor_fibonacci_dd2025/rtl/control_unit.sv(124): 'regwrite' inside always_comb block does not represent combinational logic
[INFO (VERI-1018)] /home/joc/piezo/microprocessor_fibonacci_dd2025/fv/fv_microprocessor_top.sv(1): compiling module 'fv_microprocessor_top'
[WARN (VDB-1002)] /home/joc/piezo/microprocessor_fibonacci_dd2025/fv/fv_microprocessor_top.sv(21): net 'rs1[4]' does not have a driver
[WARN (VDB-1002)] /home/joc/piezo/microprocessor_fibonacci_dd2025/fv/fv_microprocessor_top.sv(21): net 'rs2[4]' does not have a driver
[WARN (VDB-1002)] /home/joc/piezo/microprocessor_fibonacci_dd2025/fv/fv_microprocessor_top.sv(21): net 'rd[4]' does not have a driver
[WARN (VDB-1002)] /home/joc/piezo/microprocessor_fibonacci_dd2025/fv/fv_microprocessor_top.sv(22): net 'funct3[2]' does not have a driver
[WARN (VDB-1002)] /home/joc/piezo/microprocessor_fibonacci_dd2025/fv/fv_microprocessor_top.sv(23): net 'funct7[6]' does not have a driver
[WARN (VDB-1002)] /home/joc/piezo/microprocessor_fibonacci_dd2025/fv/fv_microprocessor_top.sv(28): net 'opcode[6]' does not have a driver
[WARN (VDB-1002)] /home/joc/piezo/microprocessor_fibonacci_dd2025/fv/fv_microprocessor_top.sv(29): net 'imm[11]' does not have a driver
[WARN (VDB-1002)] /home/joc/piezo/microprocessor_fibonacci_dd2025/fv/fv_microprocessor_top.sv(30): net 'imm_beq[12]' does not have a driver
[WARN (VDB-1002)] /home/joc/piezo/microprocessor_fibonacci_dd2025/fv/fv_microprocessor_top.sv(31): net 'imm_jal[20]' does not have a driver
[INFO (VERI-1018)] /home/joc/piezo/microprocessor_fibonacci_dd2025/rtl/microprocessor_top.sv(1): compiling module 'microprocessor_top'
[WARN (VERI-1330)] /home/joc/piezo/microprocessor_fibonacci_dd2025/fv/fv_microprocessor_top.sv(117): actual bit length 1 differs from formal bit length 32 for port 'pc_out'
[WARN (VDB-1002)] /home/joc/piezo/microprocessor_fibonacci_dd2025/rtl/microprocessor_top.sv(33): net 'pc_imm_in[31]' does not have a driver
[WARN (VDB-1002)] /home/joc/piezo/microprocessor_fibonacci_dd2025/fv/fv_microprocessor_top.sv(117): net 'pc_out' does not have a driver
INFO (INL208): Elaboration synthesis summary:
  Number of synthesized netlists          9 (1 packages)
  Single run mode                         On
  Pipeline                                On (8 pipelined netlists)
  Late hierarchical reference connection  On
  Number of analyzed Verilog modules      10 (9 synthesized)
  Number of analyzed VHDL entities        0 (0 synthesized)
INFO (INL003): Clearing all state information (assumes, stopats, and so forth).
microprocessor_top
[<embedded>] % get_design_info
Statistics [for instance "microprocessor_top"]
---------------------------
# Flops:         32 (1209) (185 property flop bits)
# Latches:       10 (16)
# Gates:         368 (10953)
# Nets:          578
# Ports:         7
# RTL Lines:     576
# RTL Instances: 9
# Embedded Assumptions: 5
# Embedded Assertions:  4
# Embedded Covers:      4
1225
[<embedded>] % 
[<embedded>] % clock clk
[<embedded>] % reset -expression !arst_n
INFO (IPM031): Clearing proof results of all properties.
INFO (IRS006): Current reset condition is "arst_n".
[<embedded>] % 
[<embedded>] % prove -all
Ncustom1: Custom engine code is hT3Ng7hPPfiYQOTDZ3qhYOwGAM51eA+J/FjkM5shLioAsqhgLR4Ft+O1BuKG6ilQ83B9tLXSl+CwjiTMAQA
Bcustom2: Custom engine code is hT3Nm7hPr1Vp3Di1Ra2USNIGL4JypRnLKLAdF6JAyuavO2JfGCiY9OZJhcAcOUnLx5xwNdhILGrAWX9s+z2WDkKwNR7tAfClBEjRFVQeq6DU54boFgEA
AMcustom3: Custom engine code is hT3Ng7hP/feYQOTDZ3qhYOwGAM51eA+J/FjkM5shLioAsqhgLR4Ft+O1BuKG6ilQ83B9tLXSmmqwm7g9AQA
Mpcustom4: Custom engine code is hT3NZbhP9fmY2AbBQnsjfOxn6c+6e6yL+/e8fZFmaQrnlgEA
INFO (IPF036): Starting proof on task: "<embedded>", 8 properties to prove with 0 already proven/unreachable
INFO (IRS029): Starting reset analysis: phase 1 of 4.
INFO (IRS030): Running reset analysis: phase 2 of 4.
INFO (IRS031): Running reset analysis: phase 3 of 4.
INFO (IRS020): Starting the reset analysis simulation with a limit of 100 iterations (phase 4 of 4).
INFO (IRS024): Reset iterations 0 to 4 analyzed.
INFO (IRS018): Reset analysis simulation executed for 3 iterations. Assigned values for 1024 of 1024 design flops, 0 of 16 design latches, 89 of 198 internal elements.
INFO (IRS039): Reset analysis complete.
INFO (IPF031): Settings used for proof thread 0:
    orchestration                 = on (auto)
    time_limit                    = 86400s
    per_property_time_limit       = 1s * 10 ^ scan
    engine_mode                   = auto
    proofgrid_per_engine_max_jobs = 1
    max engine jobs               = auto
    proofgrid_mode                = local
    proofgrid_restarts            = 10
0.0.PRE: A proof was found: No trace exists. [0.00 s]
INFO (IPF057): 0.0.PRE: The property "microprocessor_top.fv_microprocessor_i.uC_ast_add_instruction" was proven in 0.00 s.
0.0.PRE: A proof was found: No trace exists. [0.00 s]
INFO (IPF051): 0.0.PRE: The cover property "microprocessor_top.fv_microprocessor_i.uC_ast_add_instruction:precondition1" was proven unreachable in 0.00 s.
0.0.PRE: A proof was found: No trace exists. [0.00 s]
INFO (IPF051): 0.0.PRE: The cover property "microprocessor_top.fv_microprocessor_i.uC_ast_addi_instruction:precondition1" was proven unreachable in 0.00 s.
0.0.PRE: A proof was found: No trace exists. [0.00 s]
INFO (IPF051): 0.0.PRE: The cover property "microprocessor_top.fv_microprocessor_i.uC_ast_beq_instruction:precondition1" was proven unreachable in 0.00 s.
0: Found proofs for 4 properties in preprocessing
0: Using multistage preprocessing
0: Starting reduce
AMcustom5: Custom engine code is hT3N1rhP11/52HrFRS21ROp2LOjVTgPvT8L8BGXHgLhaIuqtT4nARFjUqrBL+7pLmaTOzBepZW/Jm8SSrHDybSQtoNiO3y43wk+dEoWlsZizu97Fih6O6lPVG/LpWP5SsUPwlGagLNa1FKEFvwVXyX7//8prySbvSxIHXr5er+z4RAEA
Ncustom6: Custom engine code is hT3OXrhPByJp3TrFSTLhUmMH4KVtJgmTCnNDF46yMXOKY48m4LS5nE7yBzFjA7kDuwO/GhGUpEPiky3p3wmPn3dJZHxFMsafSoObRzSC+tn7sEY0WbTdZ/FV4hL3MYH/b1CIUvXSWR4wqEoVLsmMOD4xIPT4lI1LO6ZCO7PnnWQuLwetnvKlrXx6wCW/A+x+enqslg1YPobi4wEF/EvbzOvcTYdJvl2s4H2yZg2b2ofAVN5WvhWk1HoBAA
ADcustom7: Custom engine code is hT3Nv7hPv1752HrFRa2kROx2f/ECJeZB2AZsLdlO8VwmIuqtT4nIDFXclhg+O+o+DMmQCekbheGk0kK28laA9gaOFDXsQp29J3X615HY1IPHJWd6FUFvCHjO+p1k652b5JJvZlShNpGlGSXAiQe/mEAj6tEBAA
Tricustom8: Custom engine code is hT3Nu7hPt1752DvFRa0kNDiyIV97VyejwM9C/jCLJjdPvusZONHY42VYUy0Q1ZotnhcVtNc56tJ5wbxv6V2+XpdsaSlHck5vfnbYjdwj1OECy9U+7oSQ0SZE3g5ayD+Phuh4odCJTjeKa2k4elM9ldQfkAEA
Gcustom9: Custom engine code is hT3NibhPDfeYQADBZnYcglOvK9Pfd7EOeniIqP8jNsyIqInncipMGcUXqAadachREE9F2PwhBUZUNw5kHnd4JdXkamORRgEA
C2custom10: Custom engine code is hT3NirhPjfWYQADBZnYcglOvK9Pfd7EOeniIqP8jNsyIqInncgkrYMMXCYbdK0dUjZIF9d4cJ0rHoBDjwVLBKuG86XYVV00BAA
AGcustom11: Custom engine code is hT3NirhP/fmYQADBZnYcglOvK9Pfd7EOeniIqP8jNsyIqInnckcwYMMXCYbdK0dUjZIF9d4cJ0rHoBDjwVLBKuHEZnZByh0BAA
Bcustom12: Custom engine code is hT3NjrhPDfiYQADBZnYcglOvK9PfWxFtenjIyBqfrgr7if/jL/yPOuK1BAflEcW0DxNH2eDIoezN2gxlQFg81RZtiWXh7aiTAidvAQA
Ncustom13: Custom engine code is hT3NR7hPByFp3TrFSTLhUmMH4KWtJglTyV/c51BHEeZWamnJv767nE6PCak26bd3gf3XGN3rIRheufhDieCJQVISo+gNYUKhiUedBKGtsP/a18svAnlMJZudHxDFwK5ufsyoxsIyiAeSY2oi3tEuoDHr5gw42DFKAG3PqO3CEsl8Azzdt3pl5nGA1Ifv2H02eYsFzWb/nfp8PMb3F0krE/EgBcm8TD9Div8BAA
Tricustom14: Custom engine code is hT3Nu7hP3fiYQADBZnYcglNHp9bfd7EOeniIqP/ji8sGLQu8yhsFO+wxJ+O+R0bU8g/IewXFomyos+viQnWc2xYNYmMqpo3i40O7DaZR7qfp4YqNx26KRvQ/qx0BAA
0: Finished reduce in 0.014s
0.0.PRE: A proof was found: No trace exists. [0.00 s]
INFO (IPF057): 0.0.PRE: The property "microprocessor_top.fv_microprocessor_i.uC_ast_addi_instruction" was proven in 0.00 s.
0.0.PRE: A proof was found: No trace exists. [0.00 s]
INFO (IPF057): 0.0.PRE: The property "microprocessor_top.fv_microprocessor_i.uC_ast_beq_instruction" was proven in 0.00 s.
0: Found proofs for 2 properties in preprocessing
0.0.PRE: Performing Proof Simplification...
0.0.N: clocks: 2, declared: 1, looping: 0, posedge: 1, negedge: 0, noedge: 1, bothedge: 0
0.0.N: Clocks that will never have a posedge: instruction[6] [vTrue], 
0.0.N: Proof Simplification Iteration 1	[0.00 s]
0.0.N: Proof Simplification Iteration 2	[0.00 s]
0.0.PRE: A proof was found: No trace exists. [0.00 s]
INFO (IPF057): 0.0.PRE: The property ":noDeadEnd" was proven in 0.00 s.
    Use check_assumptions -show -dead_end to show this property in the property table.
0.0.PRE: A proof was found: No trace exists. [0.00 s]
INFO (IPF057): 0.0.PRE: The property ":noConflict" was proven in 0.00 s.
    Use check_assumptions -show to show this property in the property table.
INFO (IPF047): 0.0.PRE: The cover property ":live" was covered in 1 cycles in 0.00 s.
    Use check_assumptions -show -live to show this property in the property table.
0.0.PRE: Proof Simplification completed in 0.01 s
0: About to start ProofGrid in its own thread with a limit of 10000 pending notifications and a limit of 10 traces.
0: =============================== ProofGrid start ===============================
0: ProofGrid usable level: 2
0: Initial ProofGrid level: 1
0: ProofGrid is starting event handling
0.0.N: Proofgrid shell started at 10518@joc044(local) jg_10429_joc044_1
0.0.Hp: Proofgrid shell started at 10519@joc044(local) jg_10429_joc044_1
0.0.N: clocks: 1, declared: 1, looping: 0, posedge: 1, negedge: 0, noedge: 0, bothedge: 0
0.0.N: A trace with 1 cycles was found. [0.01 s]
INFO (IPF047): 0.0.N: The cover property "microprocessor_top.fv_microprocessor_i.uC_ast_jal_instruction:precondition1" was covered in 1 cycles in 0.00 s.
0.0.N: Next scan (0) will use per property time limit: 1s * 10 ^ 0 = 1s
0.0.N: Starting proof for property "microprocessor_top.fv_microprocessor_i.uC_ast_jal_instruction"	[0.00 s].
0.0.N: Trace Attempt  1	[0.00 s]
0.0.N: Trace Attempt  2	[0.00 s]
0.0.N: Trace Attempt  2	[0.00 s]
0.0.N: Trace Attempt  3	[0.00 s]
0.0.N: Trace Attempt  4	[0.00 s]
0.0.N: Trace Attempt  5	[0.00 s]
0: ProofGrid usable level: 1
0.0.N: Trace Attempt  1	[0.01 s]
0.0.N: Trace Attempt  2	[0.01 s]
0.0.N: Validation of fixpoint was successful. Time = 0.00
0.0.N: Requesting engine job to stop
0.0.Hp: Requesting engine job to terminate
INFO (IPF144): 0: Initiating shutdown of proof [0.04 s]
0.0.N: A proof was found: No trace exists. [0.01 s]
INFO (IPF057): 0.0.N: The property "microprocessor_top.fv_microprocessor_i.uC_ast_jal_instruction" was proven in 0.00 s.
0.0.N: Stopped processing property "microprocessor_top.fv_microprocessor_i.uC_ast_jal_instruction"	[0.00 s].
0.0.Hp: clocks: 1, declared: 1, looping: 0, posedge: 1, negedge: 0, noedge: 0, bothedge: 0
0.0.Hp: All properties determined. [0.01 s]
0.0.Hp: Exited with Success (@ 0.04 s)
0: ProofGrid usable level: 0
0.0.N: All properties determined. [0.03 s]
0.0.N: Exited with Success (@ 0.04 s)
0.0.Ht: Proofgrid shell started at 10552@joc044(local) jg_10429_joc044_1
0.0.Ht: Requesting engine job to terminate
0.0.Ht: Preventing job from starting because proof is shutting down.
0.0.Ht: Requesting engine job to terminate
0.0.Ht: Interrupted. [0.00 s]
0.0.Ht: Exited with Success (@ 0.40 s)
0.0.Bm: Proofgrid shell started at 10553@joc044(local) jg_10429_joc044_1
0.0.Bm: Requesting engine job to terminate
0.0.Bm: Preventing job from starting because proof is shutting down.
0.0.Bm: Requesting engine job to terminate
0.0.Bm: Interrupted. [0.00 s]
0.0.Mpcustom4: Proofgrid shell started at 10554@joc044(local) jg_10429_joc044_1
0.0.Mpcustom4: Requesting engine job to terminate
0.0.Bm: Exited with Success (@ 0.46 s)
0.0.Mpcustom4: Preventing job from starting because proof is shutting down.
0.0.Mpcustom4: Requesting engine job to terminate
0.0.Mpcustom4: Interrupted. [0.00 s]
0.0.Oh: Proofgrid shell started at 10555@joc044(local) jg_10429_joc044_1
0.0.Oh: Requesting engine job to terminate
0.0.L: Proofgrid shell started at 10556@joc044(local) jg_10429_joc044_1
0.0.L: Requesting engine job to terminate
0.0.Mpcustom4: Exited with Success (@ 0.57 s)
0.0.Oh: Preventing job from starting because proof is shutting down.
0.0.Oh: Requesting engine job to terminate
0.0.Oh: Interrupted. [0.00 s]
0.0.L: Preventing job from starting because proof is shutting down.
0.0.L: Requesting engine job to terminate
0.0.L: Interrupted. [0.00 s]
0.0.Oh: Exited with Success (@ 0.57 s)
0.0.L: Exited with Success (@ 0.57 s)
0: --------------------------------------------------------------
ProofGrid Summary (utilization 1.41 %)
--------------------------------------------------------------
     engines started                               :     7
     engine jobs started                           :     7

    Average time in state (seconds)
    ------------------------------------------------------
    Engine  Pending     Running        Dead    Utilization
    ------------------------------------------------------
      N        0.39        0.03        0.00        7.61 %
     Hp        0.39        0.01        0.00        3.23 %
     Ht        0.40        0.00        0.00        0.00 %
     Bm        0.42        0.00        0.00        0.00 %
    Mpcustom4        0.45        0.00        0.00        0.00 %
     Oh        0.55        0.00        0.00        0.00 %
      L        0.54        0.00        0.00        0.00 %
    all        0.45        0.01        0.00        1.41 %

    Total time in state (seconds)
    -----------------------------------------
            Pending     Running        Dead  
    -----------------------------------------
               3.14        0.04        0.00

    Data read    : 11.66 kiB
    Data written : 1.96 kiB

0: All pending notifications were processed.
INFO (IPF059): Completed proof on task: "<embedded>" for proof thread 0

==============================================================
SUMMARY
==============================================================
           Properties Considered              : 8
                 assertions                   : 4
                  - proven                    : 4 (100%)
                  - bounded_proven (user)     : 0 (0%)
                  - bounded_proven (auto)     : 0 (0%)
                  - marked_proven             : 0 (0%)
                  - cex                       : 0 (0%)
                  - ar_cex                    : 0 (0%)
                  - undetermined              : 0 (0%)
                  - unknown                   : 0 (0%)
                  - error                     : 0 (0%)
                 covers                       : 4
                  - unreachable               : 3 (75%)
                  - bounded_unreachable (user): 0 (0%)
                  - covered                   : 1 (25%)
                  - ar_covered                : 0 (0%)
                  - undetermined              : 0 (0%)
                  - unknown                   : 0 (0%)
                  - error                     : 0 (0%)
determined
[<embedded>] % 
INFO (IPL005): Received request to exit from the console.
INFO (IPL014): Waiting for the Tcl-thread to exit.
INFO: Waiting for proof threads to stop...
INFO: Proof threads stopped.
INFO (IPL018): The peak resident set memory use for this session was 0.400 GB.
INFO (IPL015): The Tcl-thread exited with status 0.
INFO (IPL016): Exiting the analysis session with status 0.
